[INFO] 2023-01-23 16:37:21 > Step:    500 Progress: 0.2% Elapsed: 0:00:17 Gen_loss: 5.757 Dis_loss: 5.757 Cls_loss: 5.757 
[INFO] 2023-01-23 16:37:37 > Step:   1000 Progress: 0.5% Elapsed: 0:00:33 Gen_loss: 4.728 Dis_loss: 4.728 Cls_loss: 4.728 
[INFO] 2023-01-23 16:38:20 > Step:    500 Progress: 0.2% Elapsed: 0:00:15 Gen_loss: 15.38 Dis_loss: 15.38 Cls_loss: 15.38 
[INFO] 2023-01-23 16:38:35 > Step:   1000 Progress: 0.5% Elapsed: 0:00:30 Gen_loss: 5.393 Dis_loss: 5.393 Cls_loss: 5.393 
[INFO] 2023-01-23 16:40:13 > Step:    500 Progress: 0.2% Elapsed: 0:00:15 Gen_loss: 6.568 Dis_loss: 6.568 Cls_loss: 6.568 
[INFO] 2023-01-23 16:40:28 > Step:   1000 Progress: 0.5% Elapsed: 0:00:29 Gen_loss: 5.985 Dis_loss: 5.985 Cls_loss: 5.985 
[INFO] 2023-01-23 16:42:58 > Step:    500 Progress: 0.2% Elapsed: 0:00:15 Gen_loss: 7.655 Dis_loss: 7.655 Cls_loss: 7.655 
[INFO] 2023-01-23 16:43:12 > Step:   1000 Progress: 0.5% Elapsed: 0:00:29 Gen_loss: 10.48 Dis_loss: 10.48 Cls_loss: 10.48 
[INFO] 2023-01-23 16:43:27 > Step:   1500 Progress: 0.8% Elapsed: 0:00:44 Gen_loss: 5.533 Dis_loss: 5.533 Cls_loss: 5.533 
[INFO] 2023-01-23 16:43:41 > Step:   2000 Progress: 1.0% Elapsed: 0:00:58 Gen_loss: 3.074 Dis_loss: 3.074 Cls_loss: 3.074 
[INFO] 2023-01-23 16:43:56 > Step:   2500 Progress: 1.2% Elapsed: 0:01:12 Gen_loss: 3.284 Dis_loss: 3.284 Cls_loss: 3.284 
[INFO] 2023-01-23 16:44:10 > Step:   3000 Progress: 1.5% Elapsed: 0:01:27 Gen_loss: 11.37 Dis_loss: 11.37 Cls_loss: 11.37 
[INFO] 2023-01-23 16:44:24 > Step:   3500 Progress: 1.8% Elapsed: 0:01:41 Gen_loss: 8.112 Dis_loss: 8.112 Cls_loss: 8.112 
[INFO] 2023-01-23 16:44:39 > Step:   4000 Progress: 2.0% Elapsed: 0:01:56 Gen_loss: 3.188 Dis_loss: 3.188 Cls_loss: 3.188 
[INFO] 2023-01-23 16:44:53 > Step:   4500 Progress: 2.2% Elapsed: 0:02:10 Gen_loss: 5.714 Dis_loss: 5.714 Cls_loss: 5.714 
[INFO] 2023-01-23 16:45:08 > Step:   5000 Progress: 2.5% Elapsed: 0:02:24 Gen_loss: 5.977 Dis_loss: 5.977 Cls_loss: 5.977 
[INFO] 2023-01-23 16:45:21 > Step:   5500 Progress: 2.8% Elapsed: 0:02:38 Gen_loss: 5.781 Dis_loss: 5.781 Cls_loss: 5.781 
[INFO] 2023-01-23 16:46:07 > Step:    500 Progress: 0.2% Elapsed: 0:00:16 Gen_loss: 4.423 Dis_loss: 4.423 Cls_loss: 4.423 
[INFO] 2023-01-23 16:46:21 > Step:   1000 Progress: 0.5% Elapsed: 0:00:30 Gen_loss: 5.252 Dis_loss: 5.252 Cls_loss: 5.252 
[INFO] 2023-01-23 16:47:58 > Step:    500 Progress: 0.2% Elapsed: 0:00:16 Gen_loss: 7.053 Dis_loss: 7.053 Cls_loss: 7.053 
[INFO] 2023-01-23 16:48:13 > Step:   1000 Progress: 0.5% Elapsed: 0:00:31 Gen_loss: 4.117 Dis_loss: 4.117 Cls_loss: 4.117 
[INFO] 2023-01-23 16:50:43 > Step:    500 Progress: 0.2% Elapsed: 0:00:15 Gen_loss: 7.627 Dis_loss: 7.627 Cls_loss: 7.627 
[INFO] 2023-01-23 16:50:57 > Step:   1000 Progress: 0.5% Elapsed: 0:00:29 Gen_loss: 4.561 Dis_loss: 4.561 Cls_loss: 4.561 
[INFO] 2023-01-23 16:51:11 > Step:   1500 Progress: 0.8% Elapsed: 0:00:44 Gen_loss: 10.65 Dis_loss: 10.65 Cls_loss: 10.65 
[INFO] 2023-01-23 16:51:26 > Step:   2000 Progress: 1.0% Elapsed: 0:00:58 Gen_loss: 4.034 Dis_loss: 4.034 Cls_loss: 4.034 
[INFO] 2023-01-23 16:51:40 > Step:   2500 Progress: 1.2% Elapsed: 0:01:13 Gen_loss: 0.547 Dis_loss: 0.547 Cls_loss: 0.547 
[INFO] 2023-01-23 16:51:55 > Step:   3000 Progress: 1.5% Elapsed: 0:01:27 Gen_loss: 9.106 Dis_loss: 9.106 Cls_loss: 9.106 
[INFO] 2023-01-23 16:52:10 > Step:   3500 Progress: 1.8% Elapsed: 0:01:42 Gen_loss: 4.292 Dis_loss: 4.292 Cls_loss: 4.292 
[INFO] 2023-01-23 16:52:24 > Step:   4000 Progress: 2.0% Elapsed: 0:01:56 Gen_loss: 7.532 Dis_loss: 7.532 Cls_loss: 7.532 
[INFO] 2023-01-23 16:53:00 > Step:    500 Progress: 0.2% Elapsed: 0:00:17 Gen_loss: 8.989 Dis_loss: 8.989 Cls_loss: 8.989 
[INFO] 2023-01-23 16:53:14 > Step:   1000 Progress: 0.5% Elapsed: 0:00:32 Gen_loss: 3.45 Dis_loss: 3.45 Cls_loss: 3.45 
[INFO] 2023-01-23 16:53:31 > Step:   1500 Progress: 0.8% Elapsed: 0:00:49 Gen_loss: 6.268 Dis_loss: 6.268 Cls_loss: 6.268 
[INFO] 2023-01-23 16:53:46 > Step:   2000 Progress: 1.0% Elapsed: 0:01:03 Gen_loss: 5.076 Dis_loss: 5.076 Cls_loss: 5.076 
[INFO] 2023-01-23 16:54:01 > Step:   2500 Progress: 1.2% Elapsed: 0:01:19 Gen_loss: 0.05312 Dis_loss: 0.05312 Cls_loss: 0.05312 
[INFO] 2023-01-23 16:54:16 > Step:   3000 Progress: 1.5% Elapsed: 0:01:33 Gen_loss: 4.378 Dis_loss: 4.378 Cls_loss: 4.378 
[INFO] 2023-01-23 16:54:31 > Step:   3500 Progress: 1.8% Elapsed: 0:01:49 Gen_loss: 5.308 Dis_loss: 5.308 Cls_loss: 5.308 
[INFO] 2023-01-23 16:54:46 > Step:   4000 Progress: 2.0% Elapsed: 0:02:03 Gen_loss: 1.423 Dis_loss: 1.423 Cls_loss: 1.423 
[INFO] 2023-01-23 16:55:27 > Step:    500 Progress: 0.2% Elapsed: 0:00:17 Gen_loss: 16.58 Dis_loss: 16.58 Cls_loss: 16.58 
[INFO] 2023-01-23 16:55:41 > Step:   1000 Progress: 0.5% Elapsed: 0:00:30 Gen_loss: 5.921 Dis_loss: 5.921 Cls_loss: 5.921 
[INFO] 2023-01-23 17:03:26 > Step:    500 Progress: 0.2% Elapsed: 0:00:18 Gen_loss: 8.091 Dis_loss: 8.091 Cls_loss: 8.091 
[INFO] 2023-01-23 17:03:42 > Step:   1000 Progress: 0.5% Elapsed: 0:00:33 Gen_loss: 8.424 Dis_loss: 8.424 Cls_loss: 8.424 
[INFO] 2023-01-23 17:05:17 > Step:    500 Progress: 0.2% Elapsed: 0:00:16 Gen_loss: 5.427 Dis_loss: 5.427 Cls_loss: 5.427 
[INFO] 2023-01-23 17:05:32 > Step:   1000 Progress: 0.5% Elapsed: 0:00:31 Gen_loss: 6.502 Dis_loss: 6.502 Cls_loss: 6.502 
[INFO] 2023-01-23 17:05:49 > Step:   1500 Progress: 0.8% Elapsed: 0:00:48 Gen_loss: 5.701 Dis_loss: 5.701 Cls_loss: 5.701 
[INFO] 2023-01-23 17:06:04 > Step:   2000 Progress: 1.0% Elapsed: 0:01:03 Gen_loss: 5.937 Dis_loss: 5.937 Cls_loss: 5.937 
[INFO] 2023-01-23 17:06:21 > Step:   2500 Progress: 1.2% Elapsed: 0:01:20 Gen_loss: 4.898 Dis_loss: 4.898 Cls_loss: 4.898 
[INFO] 2023-01-23 17:06:36 > Step:   3000 Progress: 1.5% Elapsed: 0:01:35 Gen_loss: 6.449 Dis_loss: 6.449 Cls_loss: 6.449 
[INFO] 2023-01-23 17:06:53 > Step:   3500 Progress: 1.8% Elapsed: 0:01:52 Gen_loss: 4.27 Dis_loss: 4.27 Cls_loss: 4.27 
[INFO] 2023-01-23 17:07:08 > Step:   4000 Progress: 2.0% Elapsed: 0:02:07 Gen_loss: 5.346 Dis_loss: 5.346 Cls_loss: 5.346 
[INFO] 2023-01-23 17:07:25 > Step:   4500 Progress: 2.2% Elapsed: 0:02:24 Gen_loss: 3.769 Dis_loss: 3.769 Cls_loss: 3.769 
[INFO] 2023-01-23 17:07:40 > Step:   5000 Progress: 2.5% Elapsed: 0:02:39 Gen_loss: 5.919 Dis_loss: 5.919 Cls_loss: 5.919 
[INFO] 2023-01-23 17:07:56 > Step:   5500 Progress: 2.8% Elapsed: 0:02:55 Gen_loss: 4.665 Dis_loss: 4.665 Cls_loss: 4.665 
[INFO] 2023-01-23 17:08:10 > Step:   6000 Progress: 3.0% Elapsed: 0:03:09 Gen_loss: 0.413 Dis_loss: 0.413 Cls_loss: 0.413 
[INFO] 2023-01-23 17:08:27 > Step:   6500 Progress: 3.2% Elapsed: 0:03:26 Gen_loss: 4.284 Dis_loss: 4.284 Cls_loss: 4.284 
[INFO] 2023-01-23 17:08:42 > Step:   7000 Progress: 3.5% Elapsed: 0:03:42 Gen_loss: 4.993 Dis_loss: 4.993 Cls_loss: 4.993 
[INFO] 2023-01-23 17:08:58 > Step:   7500 Progress: 3.8% Elapsed: 0:03:57 Gen_loss: 6.856 Dis_loss: 6.856 Cls_loss: 6.856 
[INFO] 2023-01-23 17:09:12 > Step:   8000 Progress: 4.0% Elapsed: 0:04:11 Gen_loss: 6.904 Dis_loss: 6.904 Cls_loss: 6.904 
[INFO] 2023-01-23 17:09:27 > Step:   8500 Progress: 4.2% Elapsed: 0:04:26 Gen_loss: 6.189 Dis_loss: 6.189 Cls_loss: 6.189 
[INFO] 2023-01-23 17:09:41 > Step:   9000 Progress: 4.5% Elapsed: 0:04:40 Gen_loss: 6.747 Dis_loss: 6.747 Cls_loss: 6.747 
[INFO] 2023-01-23 17:09:56 > Step:   9500 Progress: 4.8% Elapsed: 0:04:55 Gen_loss: 2.676 Dis_loss: 2.676 Cls_loss: 2.676 
[INFO] 2023-01-23 17:10:10 > Step:  10000 Progress: 5.0% Elapsed: 0:05:09 Gen_loss: 12.81 Dis_loss: 12.81 Cls_loss: 12.81 
[INFO] 2023-01-23 17:10:25 > Step:  10500 Progress: 5.2% Elapsed: 0:05:25 Gen_loss: 11.11 Dis_loss: 11.11 Cls_loss: 11.11 
[INFO] 2023-01-23 17:10:39 > Step:  11000 Progress: 5.5% Elapsed: 0:05:38 Gen_loss: 5.498 Dis_loss: 5.498 Cls_loss: 5.498 
[INFO] 2023-01-23 17:10:54 > Step:  11500 Progress: 5.8% Elapsed: 0:05:53 Gen_loss: 7.016 Dis_loss: 7.016 Cls_loss: 7.016 
[INFO] 2023-01-23 17:11:08 > Step:  12000 Progress: 6.0% Elapsed: 0:06:07 Gen_loss: 6.83 Dis_loss: 6.83 Cls_loss: 6.83 
[INFO] 2023-01-23 17:11:22 > Step:  12500 Progress: 6.2% Elapsed: 0:06:22 Gen_loss: 6.955 Dis_loss: 6.955 Cls_loss: 6.955 
[INFO] 2023-01-23 17:11:36 > Step:  13000 Progress: 6.5% Elapsed: 0:06:35 Gen_loss: 2.424 Dis_loss: 2.424 Cls_loss: 2.424 
[INFO] 2023-01-23 17:11:51 > Step:  13500 Progress: 6.8% Elapsed: 0:06:50 Gen_loss: 7.686 Dis_loss: 7.686 Cls_loss: 7.686 
[INFO] 2023-01-23 17:12:04 > Step:  14000 Progress: 7.0% Elapsed: 0:07:04 Gen_loss: 3.595 Dis_loss: 3.595 Cls_loss: 3.595 
[INFO] 2023-01-23 17:12:19 > Step:  14500 Progress: 7.2% Elapsed: 0:07:18 Gen_loss: 9.17 Dis_loss: 9.17 Cls_loss: 9.17 
[INFO] 2023-01-23 17:12:33 > Step:  15000 Progress: 7.5% Elapsed: 0:07:32 Gen_loss: 4.608 Dis_loss: 4.608 Cls_loss: 4.608 
[INFO] 2023-01-23 17:12:48 > Step:  15500 Progress: 7.8% Elapsed: 0:07:47 Gen_loss: 6.318 Dis_loss: 6.318 Cls_loss: 6.318 
[INFO] 2023-01-23 17:13:01 > Step:  16000 Progress: 8.0% Elapsed: 0:08:00 Gen_loss: 3.681 Dis_loss: 3.681 Cls_loss: 3.681 
[INFO] 2023-01-23 17:13:16 > Step:  16500 Progress: 8.2% Elapsed: 0:08:15 Gen_loss: 8.196 Dis_loss: 8.196 Cls_loss: 8.196 
[INFO] 2023-01-23 17:13:30 > Step:  17000 Progress: 8.5% Elapsed: 0:08:29 Gen_loss: 6.475 Dis_loss: 6.475 Cls_loss: 6.475 
[INFO] 2023-01-23 17:13:45 > Step:  17500 Progress: 8.8% Elapsed: 0:08:44 Gen_loss: 7.38 Dis_loss: 7.38 Cls_loss: 7.38 
[INFO] 2023-01-23 17:13:59 > Step:  18000 Progress: 9.0% Elapsed: 0:08:58 Gen_loss: 8.92 Dis_loss: 8.92 Cls_loss: 8.92 
[INFO] 2023-01-23 17:14:14 > Step:  18500 Progress: 9.2% Elapsed: 0:09:13 Gen_loss: 8.475 Dis_loss: 8.475 Cls_loss: 8.475 
[INFO] 2023-01-23 17:14:28 > Step:  19000 Progress: 9.5% Elapsed: 0:09:27 Gen_loss: 12.66 Dis_loss: 12.66 Cls_loss: 12.66 
[INFO] 2023-01-23 17:14:42 > Step:  19500 Progress: 9.8% Elapsed: 0:09:42 Gen_loss: 6.084 Dis_loss: 6.084 Cls_loss: 6.084 
[INFO] 2023-01-23 17:14:56 > Step:  20000 Progress: 10.0% Elapsed: 0:09:55 Gen_loss: 6.962 Dis_loss: 6.962 Cls_loss: 6.962 
[INFO] 2023-01-23 17:15:11 > Step:  20500 Progress: 10.2% Elapsed: 0:10:10 Gen_loss: 5.263 Dis_loss: 5.263 Cls_loss: 5.263 
[INFO] 2023-01-23 17:15:25 > Step:  21000 Progress: 10.5% Elapsed: 0:10:24 Gen_loss: 3.602 Dis_loss: 3.602 Cls_loss: 3.602 
[INFO] 2023-01-23 17:15:40 > Step:  21500 Progress: 10.8% Elapsed: 0:10:39 Gen_loss: 6.241 Dis_loss: 6.241 Cls_loss: 6.241 
[INFO] 2023-01-23 17:15:54 > Step:  22000 Progress: 11.0% Elapsed: 0:10:53 Gen_loss: 9.554 Dis_loss: 9.554 Cls_loss: 9.554 
[INFO] 2023-01-23 17:16:08 > Step:  22500 Progress: 11.2% Elapsed: 0:11:08 Gen_loss: 0.966 Dis_loss: 0.966 Cls_loss: 0.966 
[INFO] 2023-01-23 17:16:22 > Step:  23000 Progress: 11.5% Elapsed: 0:11:21 Gen_loss: 3.767 Dis_loss: 3.767 Cls_loss: 3.767 
[INFO] 2023-01-23 17:16:37 > Step:  23500 Progress: 11.8% Elapsed: 0:11:36 Gen_loss: 5.729 Dis_loss: 5.729 Cls_loss: 5.729 
[INFO] 2023-01-23 17:16:51 > Step:  24000 Progress: 12.0% Elapsed: 0:11:50 Gen_loss: 12.83 Dis_loss: 12.83 Cls_loss: 12.83 
[INFO] 2023-01-23 17:17:06 > Step:  24500 Progress: 12.2% Elapsed: 0:12:05 Gen_loss: 5.169 Dis_loss: 5.169 Cls_loss: 5.169 
[INFO] 2023-01-23 17:17:19 > Step:  25000 Progress: 12.5% Elapsed: 0:12:18 Gen_loss: 9.929 Dis_loss: 9.929 Cls_loss: 9.929 
[INFO] 2023-01-23 17:17:34 > Step:  25500 Progress: 12.8% Elapsed: 0:12:33 Gen_loss: 9.531 Dis_loss: 9.531 Cls_loss: 9.531 
[INFO] 2023-01-23 17:17:48 > Step:  26000 Progress: 13.0% Elapsed: 0:12:47 Gen_loss: 4.02 Dis_loss: 4.02 Cls_loss: 4.02 
[INFO] 2023-01-23 17:18:04 > Step:  26500 Progress: 13.2% Elapsed: 0:13:03 Gen_loss: 13.42 Dis_loss: 13.42 Cls_loss: 13.42 
[INFO] 2023-01-23 17:18:18 > Step:  27000 Progress: 13.5% Elapsed: 0:13:17 Gen_loss: 7.033 Dis_loss: 7.033 Cls_loss: 7.033 
[INFO] 2023-01-23 17:18:34 > Step:  27500 Progress: 13.8% Elapsed: 0:13:33 Gen_loss: 10.82 Dis_loss: 10.82 Cls_loss: 10.82 
[INFO] 2023-01-23 17:18:48 > Step:  28000 Progress: 14.0% Elapsed: 0:13:47 Gen_loss: 10.45 Dis_loss: 10.45 Cls_loss: 10.45 
[INFO] 2023-01-23 17:19:04 > Step:  28500 Progress: 14.2% Elapsed: 0:14:03 Gen_loss: 8.215 Dis_loss: 8.215 Cls_loss: 8.215 
[INFO] 2023-01-23 17:19:18 > Step:  29000 Progress: 14.5% Elapsed: 0:14:17 Gen_loss: 7.086 Dis_loss: 7.086 Cls_loss: 7.086 
[INFO] 2023-01-23 17:19:33 > Step:  29500 Progress: 14.8% Elapsed: 0:14:32 Gen_loss: 6.501 Dis_loss: 6.501 Cls_loss: 6.501 
[INFO] 2023-01-23 17:19:47 > Step:  30000 Progress: 15.0% Elapsed: 0:14:46 Gen_loss: 9.269 Dis_loss: 9.269 Cls_loss: 9.269 
[INFO] 2023-01-23 17:20:02 > Step:  30500 Progress: 15.2% Elapsed: 0:15:01 Gen_loss: 7.453 Dis_loss: 7.453 Cls_loss: 7.453 
[INFO] 2023-01-23 17:20:16 > Step:  31000 Progress: 15.5% Elapsed: 0:15:15 Gen_loss: 10.38 Dis_loss: 10.38 Cls_loss: 10.38 
[INFO] 2023-01-23 17:20:31 > Step:  31500 Progress: 15.8% Elapsed: 0:15:30 Gen_loss: 11.76 Dis_loss: 11.76 Cls_loss: 11.76 
[INFO] 2023-01-23 17:20:44 > Step:  32000 Progress: 16.0% Elapsed: 0:15:44 Gen_loss: 8.557 Dis_loss: 8.557 Cls_loss: 8.557 
[INFO] 2023-01-23 17:21:00 > Step:  32500 Progress: 16.2% Elapsed: 0:15:59 Gen_loss: 13.01 Dis_loss: 13.01 Cls_loss: 13.01 
[INFO] 2023-01-23 17:21:13 > Step:  33000 Progress: 16.5% Elapsed: 0:16:12 Gen_loss: 7.577 Dis_loss: 7.577 Cls_loss: 7.577 
[INFO] 2023-01-23 17:21:28 > Step:  33500 Progress: 16.8% Elapsed: 0:16:27 Gen_loss: 9.932 Dis_loss: 9.932 Cls_loss: 9.932 
[INFO] 2023-01-23 17:21:42 > Step:  34000 Progress: 17.0% Elapsed: 0:16:41 Gen_loss: 12.11 Dis_loss: 12.11 Cls_loss: 12.11 
[INFO] 2023-01-23 17:21:57 > Step:  34500 Progress: 17.2% Elapsed: 0:16:56 Gen_loss: 7.832 Dis_loss: 7.832 Cls_loss: 7.832 
[INFO] 2023-01-23 17:22:11 > Step:  35000 Progress: 17.5% Elapsed: 0:17:10 Gen_loss: 7.057 Dis_loss: 7.057 Cls_loss: 7.057 
[INFO] 2023-01-23 17:22:26 > Step:  35500 Progress: 17.8% Elapsed: 0:17:25 Gen_loss: 6.585 Dis_loss: 6.585 Cls_loss: 6.585 
[INFO] 2023-01-23 17:22:40 > Step:  36000 Progress: 18.0% Elapsed: 0:17:39 Gen_loss: 8.61 Dis_loss: 8.61 Cls_loss: 8.61 
[INFO] 2023-01-23 17:22:55 > Step:  36500 Progress: 18.2% Elapsed: 0:17:54 Gen_loss: 8.937 Dis_loss: 8.937 Cls_loss: 8.937 
[INFO] 2023-01-23 17:23:08 > Step:  37000 Progress: 18.5% Elapsed: 0:18:07 Gen_loss: 11.81 Dis_loss: 11.81 Cls_loss: 11.81 
[INFO] 2023-01-23 17:23:24 > Step:  37500 Progress: 18.8% Elapsed: 0:18:23 Gen_loss: 8.373 Dis_loss: 8.373 Cls_loss: 8.373 
[INFO] 2023-01-23 17:23:38 > Step:  38000 Progress: 19.0% Elapsed: 0:18:37 Gen_loss: 8.22 Dis_loss: 8.22 Cls_loss: 8.22 
[INFO] 2023-01-23 17:23:53 > Step:  38500 Progress: 19.2% Elapsed: 0:18:52 Gen_loss: 9.036 Dis_loss: 9.036 Cls_loss: 9.036 
[INFO] 2023-01-23 17:24:08 > Step:  39000 Progress: 19.5% Elapsed: 0:19:07 Gen_loss: 9.629 Dis_loss: 9.629 Cls_loss: 9.629 
[INFO] 2023-01-23 17:24:23 > Step:  39500 Progress: 19.8% Elapsed: 0:19:22 Gen_loss: 11.48 Dis_loss: 11.48 Cls_loss: 11.48 
[INFO] 2023-01-23 17:24:37 > Step:  40000 Progress: 20.0% Elapsed: 0:19:36 Gen_loss: 12.38 Dis_loss: 12.38 Cls_loss: 12.38 
[INFO] 2023-01-23 17:24:52 > Step:  40500 Progress: 20.2% Elapsed: 0:19:51 Gen_loss: 10.88 Dis_loss: 10.88 Cls_loss: 10.88 
[INFO] 2023-01-23 17:25:06 > Step:  41000 Progress: 20.5% Elapsed: 0:20:05 Gen_loss: 3.539 Dis_loss: 3.539 Cls_loss: 3.539 
[INFO] 2023-01-23 17:25:21 > Step:  41500 Progress: 20.8% Elapsed: 0:20:20 Gen_loss: 13.71 Dis_loss: 13.71 Cls_loss: 13.71 
[INFO] 2023-01-23 17:25:35 > Step:  42000 Progress: 21.0% Elapsed: 0:20:34 Gen_loss: 12.44 Dis_loss: 12.44 Cls_loss: 12.44 
[INFO] 2023-01-23 17:25:51 > Step:  42500 Progress: 21.2% Elapsed: 0:20:50 Gen_loss: 13.59 Dis_loss: 13.59 Cls_loss: 13.59 
[INFO] 2023-01-23 17:26:05 > Step:  43000 Progress: 21.5% Elapsed: 0:21:04 Gen_loss: 8.946 Dis_loss: 8.946 Cls_loss: 8.946 
[INFO] 2023-01-23 17:26:20 > Step:  43500 Progress: 21.8% Elapsed: 0:21:19 Gen_loss: 5.795 Dis_loss: 5.795 Cls_loss: 5.795 
[INFO] 2023-01-23 17:26:34 > Step:  44000 Progress: 22.0% Elapsed: 0:21:33 Gen_loss: 12.16 Dis_loss: 12.16 Cls_loss: 12.16 
[INFO] 2023-01-23 17:26:50 > Step:  44500 Progress: 22.2% Elapsed: 0:21:49 Gen_loss: 8.627 Dis_loss: 8.627 Cls_loss: 8.627 
[INFO] 2023-01-23 17:27:04 > Step:  45000 Progress: 22.5% Elapsed: 0:22:03 Gen_loss: 8.412 Dis_loss: 8.412 Cls_loss: 8.412 
[INFO] 2023-01-23 17:27:20 > Step:  45500 Progress: 22.8% Elapsed: 0:22:19 Gen_loss: 11.22 Dis_loss: 11.22 Cls_loss: 11.22 
[INFO] 2023-01-23 17:27:34 > Step:  46000 Progress: 23.0% Elapsed: 0:22:33 Gen_loss: 9.052 Dis_loss: 9.052 Cls_loss: 9.052 
[INFO] 2023-01-23 17:27:50 > Step:  46500 Progress: 23.2% Elapsed: 0:22:49 Gen_loss: 12.02 Dis_loss: 12.02 Cls_loss: 12.02 
[INFO] 2023-01-23 17:28:04 > Step:  47000 Progress: 23.5% Elapsed: 0:23:03 Gen_loss: 9.528 Dis_loss: 9.528 Cls_loss: 9.528 
[INFO] 2023-01-24 16:14:57 > Step:    500 Progress: 0.2% Elapsed: 0:00:19 Gen_loss: 15.44 Dis_loss: 15.44 Cls_loss: 15.44 
[INFO] 2023-01-24 16:15:13 > Step:   1000 Progress: 0.5% Elapsed: 0:00:35 Gen_loss: 2.852 Dis_loss: 2.852 Cls_loss: 2.852 
[INFO] 2023-01-24 16:15:30 > Step:   1500 Progress: 0.8% Elapsed: 0:00:52 Gen_loss: 9.237 Dis_loss: 9.237 Cls_loss: 9.237 
[INFO] 2023-01-24 16:15:46 > Step:   2000 Progress: 1.0% Elapsed: 0:01:08 Gen_loss: 4.479 Dis_loss: 4.479 Cls_loss: 4.479 
[INFO] 2023-01-24 16:16:04 > Step:   2500 Progress: 1.2% Elapsed: 0:01:26 Gen_loss: 7.887 Dis_loss: 7.887 Cls_loss: 7.887 
[INFO] 2023-01-24 16:16:20 > Step:   3000 Progress: 1.5% Elapsed: 0:01:41 Gen_loss: 7.323 Dis_loss: 7.323 Cls_loss: 7.323 
[INFO] 2023-01-24 16:16:37 > Step:   3500 Progress: 1.8% Elapsed: 0:01:59 Gen_loss: 5.445 Dis_loss: 5.445 Cls_loss: 5.445 
[INFO] 2023-01-24 16:16:54 > Step:   4000 Progress: 2.0% Elapsed: 0:02:15 Gen_loss: 7.467 Dis_loss: 7.467 Cls_loss: 7.467 
[INFO] 2023-01-24 16:17:11 > Step:   4500 Progress: 2.2% Elapsed: 0:02:33 Gen_loss: 8.211 Dis_loss: 8.211 Cls_loss: 8.211 
[INFO] 2023-01-24 16:17:28 > Step:   5000 Progress: 2.5% Elapsed: 0:02:50 Gen_loss: 9.553 Dis_loss: 9.553 Cls_loss: 9.553 
[INFO] 2023-01-24 16:17:45 > Step:   5500 Progress: 2.8% Elapsed: 0:03:07 Gen_loss: 9.721 Dis_loss: 9.721 Cls_loss: 9.721 
[INFO] 2023-01-24 16:18:02 > Step:   6000 Progress: 3.0% Elapsed: 0:03:24 Gen_loss: 8.902 Dis_loss: 8.902 Cls_loss: 8.902 
[INFO] 2023-01-24 16:18:21 > Step:   6500 Progress: 3.2% Elapsed: 0:03:43 Gen_loss: 9.97 Dis_loss: 9.97 Cls_loss: 9.97 
[INFO] 2023-01-24 16:18:38 > Step:   7000 Progress: 3.5% Elapsed: 0:03:59 Gen_loss: 7.881 Dis_loss: 7.881 Cls_loss: 7.881 
[INFO] 2023-01-24 16:18:56 > Step:   7500 Progress: 3.8% Elapsed: 0:04:18 Gen_loss: 3.212 Dis_loss: 3.212 Cls_loss: 3.212 
[INFO] 2023-01-24 16:19:13 > Step:   8000 Progress: 4.0% Elapsed: 0:04:35 Gen_loss: 5.424 Dis_loss: 5.424 Cls_loss: 5.424 
[INFO] 2023-01-24 16:19:31 > Step:   8500 Progress: 4.2% Elapsed: 0:04:53 Gen_loss: 1.81 Dis_loss: 1.81 Cls_loss: 1.81 
[INFO] 2023-01-24 16:19:48 > Step:   9000 Progress: 4.5% Elapsed: 0:05:10 Gen_loss: 6.757 Dis_loss: 6.757 Cls_loss: 6.757 
[INFO] 2023-01-24 16:20:07 > Step:   9500 Progress: 4.8% Elapsed: 0:05:28 Gen_loss: 8.49 Dis_loss: 8.49 Cls_loss: 8.49 
[INFO] 2023-01-24 16:20:24 > Step:  10000 Progress: 5.0% Elapsed: 0:05:46 Gen_loss: 11.73 Dis_loss: 11.73 Cls_loss: 11.73 
[INFO] 2023-01-24 16:20:42 > Step:  10500 Progress: 5.2% Elapsed: 0:06:04 Gen_loss: 8.209 Dis_loss: 8.209 Cls_loss: 8.209 
[INFO] 2023-01-24 16:20:58 > Step:  11000 Progress: 5.5% Elapsed: 0:06:20 Gen_loss: 6.006 Dis_loss: 6.006 Cls_loss: 6.006 
[INFO] 2023-01-24 16:21:16 > Step:  11500 Progress: 5.8% Elapsed: 0:06:38 Gen_loss: 8.053 Dis_loss: 8.053 Cls_loss: 8.053 
[INFO] 2023-01-24 16:21:33 > Step:  12000 Progress: 6.0% Elapsed: 0:06:55 Gen_loss: 9.251 Dis_loss: 9.251 Cls_loss: 9.251 
[INFO] 2023-01-24 16:21:50 > Step:  12500 Progress: 6.2% Elapsed: 0:07:11 Gen_loss: 6.689 Dis_loss: 6.689 Cls_loss: 6.689 
[INFO] 2023-01-24 16:22:05 > Step:  13000 Progress: 6.5% Elapsed: 0:07:27 Gen_loss: 8.449 Dis_loss: 8.449 Cls_loss: 8.449 
[INFO] 2023-01-24 16:22:22 > Step:  13500 Progress: 6.8% Elapsed: 0:07:44 Gen_loss: 7.234 Dis_loss: 7.234 Cls_loss: 7.234 
[INFO] 2023-01-24 16:22:39 > Step:  14000 Progress: 7.0% Elapsed: 0:08:01 Gen_loss: 6.626 Dis_loss: 6.626 Cls_loss: 6.626 
[INFO] 2023-01-24 16:22:57 > Step:  14500 Progress: 7.2% Elapsed: 0:08:19 Gen_loss: 5.805 Dis_loss: 5.805 Cls_loss: 5.805 
[INFO] 2023-01-24 16:23:14 > Step:  15000 Progress: 7.5% Elapsed: 0:08:36 Gen_loss: 3.182 Dis_loss: 3.182 Cls_loss: 3.182 
[INFO] 2023-01-24 16:23:31 > Step:  15500 Progress: 7.8% Elapsed: 0:08:53 Gen_loss: 7.96 Dis_loss: 7.96 Cls_loss: 7.96 
[INFO] 2023-01-24 16:23:48 > Step:  16000 Progress: 8.0% Elapsed: 0:09:10 Gen_loss: 7.724 Dis_loss: 7.724 Cls_loss: 7.724 
[INFO] 2023-01-24 16:24:07 > Step:  16500 Progress: 8.2% Elapsed: 0:09:29 Gen_loss: 4.079 Dis_loss: 4.079 Cls_loss: 4.079 
[INFO] 2023-01-24 16:24:23 > Step:  17000 Progress: 8.5% Elapsed: 0:09:45 Gen_loss: 0.3107 Dis_loss: 0.3107 Cls_loss: 0.3107 
[INFO] 2023-01-24 16:24:40 > Step:  17500 Progress: 8.8% Elapsed: 0:10:02 Gen_loss: 6.947 Dis_loss: 6.947 Cls_loss: 6.947 
[INFO] 2023-01-24 16:24:57 > Step:  18000 Progress: 9.0% Elapsed: 0:10:19 Gen_loss: 8.895 Dis_loss: 8.895 Cls_loss: 8.895 
[INFO] 2023-01-24 16:25:15 > Step:  18500 Progress: 9.2% Elapsed: 0:10:37 Gen_loss: 4.939 Dis_loss: 4.939 Cls_loss: 4.939 
[INFO] 2023-01-24 16:25:30 > Step:  19000 Progress: 9.5% Elapsed: 0:10:52 Gen_loss: 8.238 Dis_loss: 8.238 Cls_loss: 8.238 
[INFO] 2023-01-24 16:25:49 > Step:  19500 Progress: 9.8% Elapsed: 0:11:10 Gen_loss: 5.012 Dis_loss: 5.012 Cls_loss: 5.012 
[INFO] 2023-01-24 16:26:05 > Step:  20000 Progress: 10.0% Elapsed: 0:11:27 Gen_loss: 7.053 Dis_loss: 7.053 Cls_loss: 7.053 
[INFO] 2023-01-24 16:26:22 > Step:  20500 Progress: 10.2% Elapsed: 0:11:44 Gen_loss: 5.592 Dis_loss: 5.592 Cls_loss: 5.592 
[INFO] 2023-01-24 16:26:39 > Step:  21000 Progress: 10.5% Elapsed: 0:12:01 Gen_loss: 3.434 Dis_loss: 3.434 Cls_loss: 3.434 
[INFO] 2023-01-24 16:26:56 > Step:  21500 Progress: 10.8% Elapsed: 0:12:18 Gen_loss: 10.71 Dis_loss: 10.71 Cls_loss: 10.71 
[INFO] 2023-01-24 16:27:14 > Step:  22000 Progress: 11.0% Elapsed: 0:12:36 Gen_loss: 8.691 Dis_loss: 8.691 Cls_loss: 8.691 
[INFO] 2023-01-24 16:27:32 > Step:  22500 Progress: 11.2% Elapsed: 0:12:54 Gen_loss: 6.102 Dis_loss: 6.102 Cls_loss: 6.102 
[INFO] 2023-01-24 16:27:48 > Step:  23000 Progress: 11.5% Elapsed: 0:13:10 Gen_loss: 10.41 Dis_loss: 10.41 Cls_loss: 10.41 
[INFO] 2023-01-24 16:28:05 > Step:  23500 Progress: 11.8% Elapsed: 0:13:27 Gen_loss: 9.093 Dis_loss: 9.093 Cls_loss: 9.093 
[INFO] 2023-01-24 16:28:22 > Step:  24000 Progress: 12.0% Elapsed: 0:13:44 Gen_loss: 6.465 Dis_loss: 6.465 Cls_loss: 6.465 
[INFO] 2023-01-24 16:28:40 > Step:  24500 Progress: 12.2% Elapsed: 0:14:01 Gen_loss: 6.778 Dis_loss: 6.778 Cls_loss: 6.778 
[INFO] 2023-01-24 16:28:56 > Step:  25000 Progress: 12.5% Elapsed: 0:14:18 Gen_loss: 4.957 Dis_loss: 4.957 Cls_loss: 4.957 
[INFO] 2023-01-24 16:29:14 > Step:  25500 Progress: 12.8% Elapsed: 0:14:36 Gen_loss: 5.695 Dis_loss: 5.695 Cls_loss: 5.695 
[INFO] 2023-01-24 16:29:30 > Step:  26000 Progress: 13.0% Elapsed: 0:14:52 Gen_loss: 11.29 Dis_loss: 11.29 Cls_loss: 11.29 
[INFO] 2023-01-24 16:29:48 > Step:  26500 Progress: 13.2% Elapsed: 0:15:10 Gen_loss: 8.402 Dis_loss: 8.402 Cls_loss: 8.402 
[INFO] 2023-01-24 16:30:05 > Step:  27000 Progress: 13.5% Elapsed: 0:15:27 Gen_loss: 8.919 Dis_loss: 8.919 Cls_loss: 8.919 
[INFO] 2023-01-24 16:30:23 > Step:  27500 Progress: 13.8% Elapsed: 0:15:44 Gen_loss: 8.49 Dis_loss: 8.49 Cls_loss: 8.49 
[INFO] 2023-01-24 16:30:39 > Step:  28000 Progress: 14.0% Elapsed: 0:16:00 Gen_loss: 7.703 Dis_loss: 7.703 Cls_loss: 7.703 
[INFO] 2023-01-24 16:30:56 > Step:  28500 Progress: 14.2% Elapsed: 0:16:18 Gen_loss: 9.057 Dis_loss: 9.057 Cls_loss: 9.057 
[INFO] 2023-01-24 16:31:13 > Step:  29000 Progress: 14.5% Elapsed: 0:16:35 Gen_loss: 9.152 Dis_loss: 9.152 Cls_loss: 9.152 
[INFO] 2023-01-24 16:31:32 > Step:  29500 Progress: 14.8% Elapsed: 0:16:54 Gen_loss: 8.238 Dis_loss: 8.238 Cls_loss: 8.238 
[INFO] 2023-01-24 16:31:49 > Step:  30000 Progress: 15.0% Elapsed: 0:17:11 Gen_loss: 16.22 Dis_loss: 16.22 Cls_loss: 16.22 
[INFO] 2023-01-24 16:32:07 > Step:  30500 Progress: 15.2% Elapsed: 0:17:29 Gen_loss: 7.297 Dis_loss: 7.297 Cls_loss: 7.297 
[INFO] 2023-01-24 16:32:24 > Step:  31000 Progress: 15.5% Elapsed: 0:17:46 Gen_loss: 7.781 Dis_loss: 7.781 Cls_loss: 7.781 
[INFO] 2023-01-24 16:32:42 > Step:  31500 Progress: 15.8% Elapsed: 0:18:04 Gen_loss: 8.262 Dis_loss: 8.262 Cls_loss: 8.262 
[INFO] 2023-01-24 16:33:00 > Step:  32000 Progress: 16.0% Elapsed: 0:18:22 Gen_loss: 8.792 Dis_loss: 8.792 Cls_loss: 8.792 
[INFO] 2023-01-24 16:33:18 > Step:  32500 Progress: 16.2% Elapsed: 0:18:40 Gen_loss: 10.61 Dis_loss: 10.61 Cls_loss: 10.61 
[INFO] 2023-01-24 16:33:35 > Step:  33000 Progress: 16.5% Elapsed: 0:18:57 Gen_loss: 10.19 Dis_loss: 10.19 Cls_loss: 10.19 
[INFO] 2023-01-24 16:33:53 > Step:  33500 Progress: 16.8% Elapsed: 0:19:15 Gen_loss: 5.291 Dis_loss: 5.291 Cls_loss: 5.291 
[INFO] 2023-01-24 16:34:10 > Step:  34000 Progress: 17.0% Elapsed: 0:19:31 Gen_loss: 6.27 Dis_loss: 6.27 Cls_loss: 6.27 
[INFO] 2023-01-24 16:34:27 > Step:  34500 Progress: 17.2% Elapsed: 0:19:49 Gen_loss: 4.366 Dis_loss: 4.366 Cls_loss: 4.366 
[INFO] 2023-01-24 16:34:44 > Step:  35000 Progress: 17.5% Elapsed: 0:20:06 Gen_loss: 14.65 Dis_loss: 14.65 Cls_loss: 14.65 
[INFO] 2023-01-24 16:35:02 > Step:  35500 Progress: 17.8% Elapsed: 0:20:24 Gen_loss: 5.026 Dis_loss: 5.026 Cls_loss: 5.026 
[INFO] 2023-01-24 16:35:18 > Step:  36000 Progress: 18.0% Elapsed: 0:20:40 Gen_loss: 9.932 Dis_loss: 9.932 Cls_loss: 9.932 
[INFO] 2023-01-24 16:35:36 > Step:  36500 Progress: 18.2% Elapsed: 0:20:58 Gen_loss: 25.7 Dis_loss: 25.7 Cls_loss: 25.7 
[INFO] 2023-01-24 16:35:52 > Step:  37000 Progress: 18.5% Elapsed: 0:21:14 Gen_loss: 9.682 Dis_loss: 9.682 Cls_loss: 9.682 
[INFO] 2023-01-24 16:36:10 > Step:  37500 Progress: 18.8% Elapsed: 0:21:32 Gen_loss: 7.941 Dis_loss: 7.941 Cls_loss: 7.941 
[INFO] 2023-01-24 16:36:27 > Step:  38000 Progress: 19.0% Elapsed: 0:21:49 Gen_loss: 10.48 Dis_loss: 10.48 Cls_loss: 10.48 
[INFO] 2023-01-24 16:36:45 > Step:  38500 Progress: 19.2% Elapsed: 0:22:06 Gen_loss: 7.983 Dis_loss: 7.983 Cls_loss: 7.983 
[INFO] 2023-01-24 16:37:01 > Step:  39000 Progress: 19.5% Elapsed: 0:22:23 Gen_loss: 16.87 Dis_loss: 16.87 Cls_loss: 16.87 
[INFO] 2023-01-24 16:37:19 > Step:  39500 Progress: 19.8% Elapsed: 0:22:41 Gen_loss: 15.33 Dis_loss: 15.33 Cls_loss: 15.33 
[INFO] 2023-01-24 16:37:35 > Step:  40000 Progress: 20.0% Elapsed: 0:22:57 Gen_loss: 8.139 Dis_loss: 8.139 Cls_loss: 8.139 
[INFO] 2023-01-24 16:37:54 > Step:  40500 Progress: 20.2% Elapsed: 0:23:15 Gen_loss: 8.795 Dis_loss: 8.795 Cls_loss: 8.795 
[INFO] 2023-01-24 16:38:10 > Step:  41000 Progress: 20.5% Elapsed: 0:23:32 Gen_loss: 8.176 Dis_loss: 8.176 Cls_loss: 8.176 
[INFO] 2023-01-24 16:38:28 > Step:  41500 Progress: 20.8% Elapsed: 0:23:50 Gen_loss: 8.091 Dis_loss: 8.091 Cls_loss: 8.091 
[INFO] 2023-01-24 16:38:45 > Step:  42000 Progress: 21.0% Elapsed: 0:24:07 Gen_loss: 14.14 Dis_loss: 14.14 Cls_loss: 14.14 
[INFO] 2023-01-24 16:39:03 > Step:  42500 Progress: 21.2% Elapsed: 0:24:25 Gen_loss: 10.28 Dis_loss: 10.28 Cls_loss: 10.28 
[INFO] 2023-01-24 16:39:20 > Step:  43000 Progress: 21.5% Elapsed: 0:24:42 Gen_loss: 4.903 Dis_loss: 4.903 Cls_loss: 4.903 
[INFO] 2023-01-24 16:39:38 > Step:  43500 Progress: 21.8% Elapsed: 0:25:00 Gen_loss: 6.641 Dis_loss: 6.641 Cls_loss: 6.641 
[INFO] 2023-01-24 16:39:55 > Step:  44000 Progress: 22.0% Elapsed: 0:25:17 Gen_loss: 12.22 Dis_loss: 12.22 Cls_loss: 12.22 
[INFO] 2023-01-24 16:40:13 > Step:  44500 Progress: 22.2% Elapsed: 0:25:35 Gen_loss: 8.457 Dis_loss: 8.457 Cls_loss: 8.457 
[INFO] 2023-01-24 16:40:30 > Step:  45000 Progress: 22.5% Elapsed: 0:25:52 Gen_loss: 7.024 Dis_loss: 7.024 Cls_loss: 7.024 
[INFO] 2023-01-24 16:40:48 > Step:  45500 Progress: 22.8% Elapsed: 0:26:10 Gen_loss: 12.81 Dis_loss: 12.81 Cls_loss: 12.81 
[INFO] 2023-01-24 16:41:05 > Step:  46000 Progress: 23.0% Elapsed: 0:26:27 Gen_loss: 26.6 Dis_loss: 26.6 Cls_loss: 26.6 
[INFO] 2023-01-24 16:41:24 > Step:  46500 Progress: 23.2% Elapsed: 0:26:46 Gen_loss: 29.12 Dis_loss: 29.12 Cls_loss: 29.12 
[INFO] 2023-01-24 16:41:42 > Step:  47000 Progress: 23.5% Elapsed: 0:27:04 Gen_loss: 10.25 Dis_loss: 10.25 Cls_loss: 10.25 
[INFO] 2023-01-24 16:42:00 > Step:  47500 Progress: 23.8% Elapsed: 0:27:21 Gen_loss: 6.892 Dis_loss: 6.892 Cls_loss: 6.892 
[INFO] 2023-01-24 16:42:16 > Step:  48000 Progress: 24.0% Elapsed: 0:27:38 Gen_loss: 9.186 Dis_loss: 9.186 Cls_loss: 9.186 
[INFO] 2023-01-24 16:42:34 > Step:  48500 Progress: 24.2% Elapsed: 0:27:56 Gen_loss: 7.546 Dis_loss: 7.546 Cls_loss: 7.546 
[INFO] 2023-01-24 16:42:51 > Step:  49000 Progress: 24.5% Elapsed: 0:28:13 Gen_loss: 11.26 Dis_loss: 11.26 Cls_loss: 11.26 
[INFO] 2023-01-24 16:43:10 > Step:  49500 Progress: 24.8% Elapsed: 0:28:32 Gen_loss: 8.368 Dis_loss: 8.368 Cls_loss: 8.368 
[INFO] 2023-01-24 16:43:27 > Step:  50000 Progress: 25.0% Elapsed: 0:28:49 Gen_loss: 8.88 Dis_loss: 8.88 Cls_loss: 8.88 
[INFO] 2023-01-24 16:43:45 > Step:  50500 Progress: 25.2% Elapsed: 0:29:07 Gen_loss: 6.788 Dis_loss: 6.788 Cls_loss: 6.788 
[INFO] 2023-01-24 16:44:01 > Step:  51000 Progress: 25.5% Elapsed: 0:29:23 Gen_loss: 14.71 Dis_loss: 14.71 Cls_loss: 14.71 
[INFO] 2023-01-24 16:44:18 > Step:  51500 Progress: 25.8% Elapsed: 0:29:40 Gen_loss: 4.569 Dis_loss: 4.569 Cls_loss: 4.569 
[INFO] 2023-01-24 16:44:35 > Step:  52000 Progress: 26.0% Elapsed: 0:29:56 Gen_loss: 7.519 Dis_loss: 7.519 Cls_loss: 7.519 
[INFO] 2023-01-24 16:44:52 > Step:  52500 Progress: 26.2% Elapsed: 0:30:14 Gen_loss: 9.565 Dis_loss: 9.565 Cls_loss: 9.565 
[INFO] 2023-01-24 16:45:08 > Step:  53000 Progress: 26.5% Elapsed: 0:30:30 Gen_loss: 5.108 Dis_loss: 5.108 Cls_loss: 5.108 
[INFO] 2023-01-24 16:45:26 > Step:  53500 Progress: 26.8% Elapsed: 0:30:47 Gen_loss: 3.749 Dis_loss: 3.749 Cls_loss: 3.749 
[INFO] 2023-01-24 16:45:42 > Step:  54000 Progress: 27.0% Elapsed: 0:31:04 Gen_loss: 7.974 Dis_loss: 7.974 Cls_loss: 7.974 
[INFO] 2023-01-24 16:45:59 > Step:  54500 Progress: 27.3% Elapsed: 0:31:21 Gen_loss: 14.29 Dis_loss: 14.29 Cls_loss: 14.29 
[INFO] 2023-01-24 16:46:16 > Step:  55000 Progress: 27.5% Elapsed: 0:31:37 Gen_loss: 11.28 Dis_loss: 11.28 Cls_loss: 11.28 
[INFO] 2023-01-24 16:46:33 > Step:  55500 Progress: 27.8% Elapsed: 0:31:55 Gen_loss: 9.555 Dis_loss: 9.555 Cls_loss: 9.555 
[INFO] 2023-01-24 16:46:49 > Step:  56000 Progress: 28.0% Elapsed: 0:32:11 Gen_loss: 7.826 Dis_loss: 7.826 Cls_loss: 7.826 
[INFO] 2023-01-24 16:47:06 > Step:  56500 Progress: 28.2% Elapsed: 0:32:28 Gen_loss: 8.801 Dis_loss: 8.801 Cls_loss: 8.801 
[INFO] 2023-01-24 16:47:22 > Step:  57000 Progress: 28.5% Elapsed: 0:32:44 Gen_loss: 0.1748 Dis_loss: 0.1748 Cls_loss: 0.1748 
[INFO] 2023-01-24 16:47:40 > Step:  57500 Progress: 28.7% Elapsed: 0:33:02 Gen_loss: 6.275 Dis_loss: 6.275 Cls_loss: 6.275 
[INFO] 2023-01-24 16:47:56 > Step:  58000 Progress: 29.0% Elapsed: 0:33:18 Gen_loss: 13.4 Dis_loss: 13.4 Cls_loss: 13.4 
[INFO] 2023-01-24 16:48:14 > Step:  58500 Progress: 29.2% Elapsed: 0:33:36 Gen_loss: 7.99 Dis_loss: 7.99 Cls_loss: 7.99 
[INFO] 2023-01-24 16:48:31 > Step:  59000 Progress: 29.5% Elapsed: 0:33:53 Gen_loss: 7.802 Dis_loss: 7.802 Cls_loss: 7.802 
[INFO] 2023-01-24 16:48:49 > Step:  59500 Progress: 29.8% Elapsed: 0:34:11 Gen_loss: 11.71 Dis_loss: 11.71 Cls_loss: 11.71 
[INFO] 2023-01-24 16:49:06 > Step:  60000 Progress: 30.0% Elapsed: 0:34:27 Gen_loss: 10.07 Dis_loss: 10.07 Cls_loss: 10.07 
[INFO] 2023-01-24 16:49:23 > Step:  60500 Progress: 30.2% Elapsed: 0:34:45 Gen_loss: 11.2 Dis_loss: 11.2 Cls_loss: 11.2 
[INFO] 2023-01-24 16:49:39 > Step:  61000 Progress: 30.5% Elapsed: 0:35:01 Gen_loss: 7.36 Dis_loss: 7.36 Cls_loss: 7.36 
[INFO] 2023-01-24 16:49:57 > Step:  61500 Progress: 30.8% Elapsed: 0:35:19 Gen_loss: 14.26 Dis_loss: 14.26 Cls_loss: 14.26 
[INFO] 2023-01-24 16:50:13 > Step:  62000 Progress: 31.0% Elapsed: 0:35:35 Gen_loss: 9.385 Dis_loss: 9.385 Cls_loss: 9.385 
[INFO] 2023-01-24 16:50:31 > Step:  62500 Progress: 31.2% Elapsed: 0:35:53 Gen_loss: 9.073 Dis_loss: 9.073 Cls_loss: 9.073 
[INFO] 2023-01-24 16:50:48 > Step:  63000 Progress: 31.5% Elapsed: 0:36:10 Gen_loss: 11.58 Dis_loss: 11.58 Cls_loss: 11.58 
[INFO] 2023-01-24 16:51:05 > Step:  63500 Progress: 31.8% Elapsed: 0:36:27 Gen_loss: 29.46 Dis_loss: 29.46 Cls_loss: 29.46 
[INFO] 2023-01-24 16:51:20 > Step:  64000 Progress: 32.0% Elapsed: 0:36:42 Gen_loss: 8.209 Dis_loss: 8.209 Cls_loss: 8.209 
[INFO] 2023-01-24 16:51:38 > Step:  64500 Progress: 32.2% Elapsed: 0:37:00 Gen_loss: 8.207 Dis_loss: 8.207 Cls_loss: 8.207 
[INFO] 2023-01-24 16:51:55 > Step:  65000 Progress: 32.5% Elapsed: 0:37:17 Gen_loss: 2.711 Dis_loss: 2.711 Cls_loss: 2.711 
[INFO] 2023-01-24 16:52:12 > Step:  65500 Progress: 32.8% Elapsed: 0:37:34 Gen_loss: 9.408 Dis_loss: 9.408 Cls_loss: 9.408 
[INFO] 2023-01-24 16:52:28 > Step:  66000 Progress: 33.0% Elapsed: 0:37:50 Gen_loss: 9.143 Dis_loss: 9.143 Cls_loss: 9.143 
[INFO] 2023-01-24 16:52:46 > Step:  66500 Progress: 33.2% Elapsed: 0:38:08 Gen_loss: 11.86 Dis_loss: 11.86 Cls_loss: 11.86 
[INFO] 2023-01-24 16:53:02 > Step:  67000 Progress: 33.5% Elapsed: 0:38:24 Gen_loss: 6.351 Dis_loss: 6.351 Cls_loss: 6.351 
[INFO] 2023-01-24 16:53:20 > Step:  67500 Progress: 33.8% Elapsed: 0:38:42 Gen_loss: 5.597 Dis_loss: 5.597 Cls_loss: 5.597 
[INFO] 2023-01-24 16:53:37 > Step:  68000 Progress: 34.0% Elapsed: 0:38:59 Gen_loss: 7.075 Dis_loss: 7.075 Cls_loss: 7.075 
[INFO] 2023-01-24 16:53:54 > Step:  68500 Progress: 34.2% Elapsed: 0:39:16 Gen_loss: 13.0 Dis_loss: 13.0 Cls_loss: 13.0 
[INFO] 2023-01-24 16:54:11 > Step:  69000 Progress: 34.5% Elapsed: 0:39:33 Gen_loss: 8.374 Dis_loss: 8.374 Cls_loss: 8.374 
[INFO] 2023-01-24 16:54:29 > Step:  69500 Progress: 34.8% Elapsed: 0:39:51 Gen_loss: 11.04 Dis_loss: 11.04 Cls_loss: 11.04 
[INFO] 2023-01-24 16:54:46 > Step:  70000 Progress: 35.0% Elapsed: 0:40:08 Gen_loss: 5.447 Dis_loss: 5.447 Cls_loss: 5.447 
[INFO] 2023-01-24 16:55:03 > Step:  70500 Progress: 35.2% Elapsed: 0:40:25 Gen_loss: 15.64 Dis_loss: 15.64 Cls_loss: 15.64 
[INFO] 2023-01-24 16:55:19 > Step:  71000 Progress: 35.5% Elapsed: 0:40:41 Gen_loss: 6.769 Dis_loss: 6.769 Cls_loss: 6.769 
[INFO] 2023-01-24 16:55:36 > Step:  71500 Progress: 35.8% Elapsed: 0:40:57 Gen_loss: 9.292 Dis_loss: 9.292 Cls_loss: 9.292 
[INFO] 2023-01-24 16:55:52 > Step:  72000 Progress: 36.0% Elapsed: 0:41:14 Gen_loss: 7.444 Dis_loss: 7.444 Cls_loss: 7.444 
[INFO] 2023-01-24 16:56:09 > Step:  72500 Progress: 36.2% Elapsed: 0:41:31 Gen_loss: 14.43 Dis_loss: 14.43 Cls_loss: 14.43 
[INFO] 2023-01-24 16:56:25 > Step:  73000 Progress: 36.5% Elapsed: 0:41:47 Gen_loss: 13.9 Dis_loss: 13.9 Cls_loss: 13.9 
[INFO] 2023-01-24 16:56:43 > Step:  73500 Progress: 36.8% Elapsed: 0:42:05 Gen_loss: 4.97 Dis_loss: 4.97 Cls_loss: 4.97 
[INFO] 2023-01-24 16:57:01 > Step:  74000 Progress: 37.0% Elapsed: 0:42:23 Gen_loss: 4.363 Dis_loss: 4.363 Cls_loss: 4.363 
[INFO] 2023-01-24 16:57:21 > Step:  74500 Progress: 37.2% Elapsed: 0:42:43 Gen_loss: 5.046 Dis_loss: 5.046 Cls_loss: 5.046 
[INFO] 2023-01-24 16:57:37 > Step:  75000 Progress: 37.5% Elapsed: 0:42:59 Gen_loss: 11.43 Dis_loss: 11.43 Cls_loss: 11.43 
[INFO] 2023-01-24 16:57:56 > Step:  75500 Progress: 37.8% Elapsed: 0:43:18 Gen_loss: 12.6 Dis_loss: 12.6 Cls_loss: 12.6 
[INFO] 2023-01-24 16:58:13 > Step:  76000 Progress: 38.0% Elapsed: 0:43:34 Gen_loss: 15.08 Dis_loss: 15.08 Cls_loss: 15.08 
[INFO] 2023-01-24 16:58:30 > Step:  76500 Progress: 38.2% Elapsed: 0:43:52 Gen_loss: 13.92 Dis_loss: 13.92 Cls_loss: 13.92 
[INFO] 2023-01-24 16:58:46 > Step:  77000 Progress: 38.5% Elapsed: 0:44:08 Gen_loss: 9.536 Dis_loss: 9.536 Cls_loss: 9.536 
[INFO] 2023-01-24 16:59:05 > Step:  77500 Progress: 38.8% Elapsed: 0:44:26 Gen_loss: 24.24 Dis_loss: 24.24 Cls_loss: 24.24 
[INFO] 2023-01-24 16:59:21 > Step:  78000 Progress: 39.0% Elapsed: 0:44:43 Gen_loss: 14.66 Dis_loss: 14.66 Cls_loss: 14.66 
[INFO] 2023-01-24 16:59:39 > Step:  78500 Progress: 39.2% Elapsed: 0:45:01 Gen_loss: 8.19 Dis_loss: 8.19 Cls_loss: 8.19 
[INFO] 2023-01-24 16:59:55 > Step:  79000 Progress: 39.5% Elapsed: 0:45:17 Gen_loss: 6.073 Dis_loss: 6.073 Cls_loss: 6.073 
[INFO] 2023-01-24 17:00:13 > Step:  79500 Progress: 39.8% Elapsed: 0:45:35 Gen_loss: 10.34 Dis_loss: 10.34 Cls_loss: 10.34 
[INFO] 2023-01-24 17:00:29 > Step:  80000 Progress: 40.0% Elapsed: 0:45:50 Gen_loss: 11.15 Dis_loss: 11.15 Cls_loss: 11.15 
[INFO] 2023-01-24 17:00:48 > Step:  80500 Progress: 40.2% Elapsed: 0:46:09 Gen_loss: 18.09 Dis_loss: 18.09 Cls_loss: 18.09 
[INFO] 2023-01-24 17:01:04 > Step:  81000 Progress: 40.5% Elapsed: 0:46:26 Gen_loss: 7.753 Dis_loss: 7.753 Cls_loss: 7.753 
[INFO] 2023-01-24 17:01:23 > Step:  81500 Progress: 40.8% Elapsed: 0:46:45 Gen_loss: 9.672 Dis_loss: 9.672 Cls_loss: 9.672 
[INFO] 2023-01-24 17:02:36 > Step:    500 Progress: 0.2% Elapsed: 0:00:17 Gen_loss: 4.553 Dis_loss: 4.553 Cls_loss: 4.553 
[INFO] 2023-01-24 17:02:53 > Step:   1000 Progress: 0.5% Elapsed: 0:00:35 Gen_loss: 5.153 Dis_loss: 5.153 Cls_loss: 5.153 
[INFO] 2023-01-24 17:03:13 > Step:   1500 Progress: 0.8% Elapsed: 0:00:55 Gen_loss: 5.346 Dis_loss: 5.346 Cls_loss: 5.346 
[INFO] 2023-01-24 17:03:30 > Step:   2000 Progress: 1.0% Elapsed: 0:01:12 Gen_loss: 5.058 Dis_loss: 5.058 Cls_loss: 5.058 
[INFO] 2023-01-24 17:03:49 > Step:   2500 Progress: 1.2% Elapsed: 0:01:31 Gen_loss: 7.504 Dis_loss: 7.504 Cls_loss: 7.504 
[INFO] 2023-01-24 17:04:07 > Step:   3000 Progress: 1.5% Elapsed: 0:01:49 Gen_loss: 5.961 Dis_loss: 5.961 Cls_loss: 5.961 
[INFO] 2023-01-24 17:04:25 > Step:   3500 Progress: 1.8% Elapsed: 0:02:07 Gen_loss: 6.867 Dis_loss: 6.867 Cls_loss: 6.867 
[INFO] 2023-01-24 17:04:43 > Step:   4000 Progress: 2.0% Elapsed: 0:02:25 Gen_loss: 7.948 Dis_loss: 7.948 Cls_loss: 7.948 
[INFO] 2023-01-24 17:05:01 > Step:   4500 Progress: 2.2% Elapsed: 0:02:43 Gen_loss: 7.255 Dis_loss: 7.255 Cls_loss: 7.255 
[INFO] 2023-01-24 17:05:18 > Step:   5000 Progress: 2.5% Elapsed: 0:03:00 Gen_loss: 5.881 Dis_loss: 5.881 Cls_loss: 5.881 
[INFO] 2023-01-24 17:05:37 > Step:   5500 Progress: 2.8% Elapsed: 0:03:19 Gen_loss: 5.198 Dis_loss: 5.198 Cls_loss: 5.198 
[INFO] 2023-01-24 17:05:54 > Step:   6000 Progress: 3.0% Elapsed: 0:03:36 Gen_loss: 8.446 Dis_loss: 8.446 Cls_loss: 8.446 
[INFO] 2023-01-24 17:06:14 > Step:   6500 Progress: 3.2% Elapsed: 0:03:56 Gen_loss: 6.734 Dis_loss: 6.734 Cls_loss: 6.734 
[INFO] 2023-01-24 17:06:31 > Step:   7000 Progress: 3.5% Elapsed: 0:04:13 Gen_loss: 3.665 Dis_loss: 3.665 Cls_loss: 3.665 
[INFO] 2023-01-24 17:06:49 > Step:   7500 Progress: 3.8% Elapsed: 0:04:31 Gen_loss: 7.529 Dis_loss: 7.529 Cls_loss: 7.529 
[INFO] 2023-01-24 17:07:06 > Step:   8000 Progress: 4.0% Elapsed: 0:04:48 Gen_loss: 13.34 Dis_loss: 13.34 Cls_loss: 13.34 
[INFO] 2023-01-24 17:07:25 > Step:   8500 Progress: 4.2% Elapsed: 0:05:07 Gen_loss: 6.146 Dis_loss: 6.146 Cls_loss: 6.146 
[INFO] 2023-01-24 17:07:43 > Step:   9000 Progress: 4.5% Elapsed: 0:05:25 Gen_loss: 7.72 Dis_loss: 7.72 Cls_loss: 7.72 
[INFO] 2023-01-24 17:08:01 > Step:   9500 Progress: 4.8% Elapsed: 0:05:43 Gen_loss: 0.8686 Dis_loss: 0.8686 Cls_loss: 0.8686 
[INFO] 2023-01-24 17:08:19 > Step:  10000 Progress: 5.0% Elapsed: 0:06:01 Gen_loss: 9.225 Dis_loss: 9.225 Cls_loss: 9.225 
[INFO] 2023-01-24 17:08:38 > Step:  10500 Progress: 5.2% Elapsed: 0:06:20 Gen_loss: 7.445 Dis_loss: 7.445 Cls_loss: 7.445 
[INFO] 2023-01-24 17:09:18 > Step:    500 Progress: 0.2% Elapsed: 0:00:18 Gen_loss: 8.111 Dis_loss: 8.111 Cls_loss: 8.111 
[INFO] 2023-01-24 17:09:35 > Step:   1000 Progress: 0.5% Elapsed: 0:00:35 Gen_loss: 0.8554 Dis_loss: 0.8554 Cls_loss: 0.8554 
[INFO] 2023-01-24 17:09:52 > Step:   1500 Progress: 0.8% Elapsed: 0:00:52 Gen_loss: 2.629 Dis_loss: 2.629 Cls_loss: 2.629 
[INFO] 2023-01-24 17:10:32 > Step:    500 Progress: 0.2% Elapsed: 0:00:18 Gen_loss: 9.829 Dis_loss: 0.0006794 Cls_loss: N/A 
[INFO] 2023-01-24 17:10:48 > Step:   1000 Progress: 0.5% Elapsed: 0:00:34 Gen_loss: 5.515 Dis_loss: 0.02704 Cls_loss: N/A 
[INFO] 2023-01-24 17:11:06 > Step:   1500 Progress: 0.8% Elapsed: 0:00:52 Gen_loss: 4.564 Dis_loss: 0.05084 Cls_loss: N/A 
[INFO] 2023-01-24 17:11:23 > Step:   2000 Progress: 1.0% Elapsed: 0:01:08 Gen_loss: 8.025 Dis_loss: 0.2164 Cls_loss: N/A 
[INFO] 2023-01-24 17:11:40 > Step:   2500 Progress: 1.2% Elapsed: 0:01:26 Gen_loss: 9.244 Dis_loss: 0.008699 Cls_loss: N/A 
[INFO] 2023-01-24 17:11:57 > Step:   3000 Progress: 1.5% Elapsed: 0:01:43 Gen_loss: 6.87 Dis_loss: 0.04758 Cls_loss: N/A 
[INFO] 2023-01-24 17:12:16 > Step:   3500 Progress: 1.8% Elapsed: 0:02:02 Gen_loss: 8.269 Dis_loss: 0.009101 Cls_loss: N/A 
[INFO] 2023-01-24 17:12:33 > Step:   4000 Progress: 2.0% Elapsed: 0:02:19 Gen_loss: 6.146 Dis_loss: 0.02876 Cls_loss: N/A 
[INFO] 2023-01-24 17:12:52 > Step:   4500 Progress: 2.2% Elapsed: 0:02:38 Gen_loss: 11.12 Dis_loss: 0.08676 Cls_loss: N/A 
[INFO] 2023-01-24 17:13:11 > Step:   5000 Progress: 2.5% Elapsed: 0:02:57 Gen_loss: 6.296 Dis_loss: 0.01676 Cls_loss: N/A 
[INFO] 2023-01-24 17:13:30 > Step:   5500 Progress: 2.8% Elapsed: 0:03:16 Gen_loss: 7.942 Dis_loss: 0.05348 Cls_loss: N/A 
[INFO] 2023-01-24 17:13:47 > Step:   6000 Progress: 3.0% Elapsed: 0:03:33 Gen_loss: 4.71 Dis_loss: 0.004187 Cls_loss: N/A 
[INFO] 2023-01-24 17:14:06 > Step:   6500 Progress: 3.2% Elapsed: 0:03:52 Gen_loss: 7.895 Dis_loss: 0.0393 Cls_loss: N/A 
[INFO] 2023-01-24 17:14:23 > Step:   7000 Progress: 3.5% Elapsed: 0:04:09 Gen_loss: 5.754 Dis_loss: 0.122 Cls_loss: N/A 
[INFO] 2023-01-24 17:14:42 > Step:   7500 Progress: 3.8% Elapsed: 0:04:28 Gen_loss: 7.846 Dis_loss: 0.005482 Cls_loss: N/A 
[INFO] 2023-01-24 17:14:59 > Step:   8000 Progress: 4.0% Elapsed: 0:04:45 Gen_loss: 8.985 Dis_loss: 0.0005409 Cls_loss: N/A 
[INFO] 2023-01-24 17:15:18 > Step:   8500 Progress: 4.2% Elapsed: 0:05:04 Gen_loss: 5.631 Dis_loss: 0.007657 Cls_loss: N/A 
[INFO] 2023-01-24 17:15:35 > Step:   9000 Progress: 4.5% Elapsed: 0:05:21 Gen_loss: 1.626 Dis_loss: 1.529 Cls_loss: N/A 
[INFO] 2023-01-24 17:15:54 > Step:   9500 Progress: 4.8% Elapsed: 0:05:40 Gen_loss: 6.694 Dis_loss: 0.006701 Cls_loss: N/A 
[INFO] 2023-01-24 17:16:11 > Step:  10000 Progress: 5.0% Elapsed: 0:05:57 Gen_loss: 10.51 Dis_loss: 0.0004482 Cls_loss: N/A 
[INFO] 2023-01-24 17:16:30 > Step:  10500 Progress: 5.2% Elapsed: 0:06:15 Gen_loss: 5.989 Dis_loss: 0.1281 Cls_loss: N/A 
[INFO] 2023-01-24 17:16:47 > Step:  11000 Progress: 5.5% Elapsed: 0:06:33 Gen_loss: 8.769 Dis_loss: 0.004968 Cls_loss: N/A 
[INFO] 2023-01-24 17:17:06 > Step:  11500 Progress: 5.8% Elapsed: 0:06:52 Gen_loss: 7.538 Dis_loss: 0.006996 Cls_loss: N/A 
[INFO] 2023-01-24 17:17:24 > Step:  12000 Progress: 6.0% Elapsed: 0:07:10 Gen_loss: 11.32 Dis_loss: 0.001836 Cls_loss: N/A 
[INFO] 2023-01-24 17:17:44 > Step:  12500 Progress: 6.2% Elapsed: 0:07:30 Gen_loss: 8.985 Dis_loss: 0.002612 Cls_loss: N/A 
[INFO] 2023-01-24 17:18:01 > Step:  13000 Progress: 6.5% Elapsed: 0:07:47 Gen_loss: 4.735 Dis_loss: 0.002179 Cls_loss: N/A 
[INFO] 2023-01-24 17:18:20 > Step:  13500 Progress: 6.8% Elapsed: 0:08:06 Gen_loss: 11.15 Dis_loss: 0.3381 Cls_loss: N/A 
[INFO] 2023-01-24 17:18:37 > Step:  14000 Progress: 7.0% Elapsed: 0:08:23 Gen_loss: 6.096 Dis_loss: 0.002235 Cls_loss: N/A 
[INFO] 2023-01-24 17:18:56 > Step:  14500 Progress: 7.2% Elapsed: 0:08:42 Gen_loss: 10.29 Dis_loss: 0.004932 Cls_loss: N/A 
[INFO] 2023-01-24 17:19:13 > Step:  15000 Progress: 7.5% Elapsed: 0:08:59 Gen_loss: 3.755 Dis_loss: 0.0003071 Cls_loss: N/A 
[INFO] 2023-01-24 17:19:31 > Step:  15500 Progress: 7.8% Elapsed: 0:09:17 Gen_loss: 10.7 Dis_loss: 0.006719 Cls_loss: N/A 
[INFO] 2023-01-24 17:19:49 > Step:  16000 Progress: 8.0% Elapsed: 0:09:35 Gen_loss: 7.7 Dis_loss: 0.002492 Cls_loss: N/A 
[INFO] 2023-01-24 17:20:08 > Step:  16500 Progress: 8.2% Elapsed: 0:09:54 Gen_loss: 13.71 Dis_loss: 0.0009653 Cls_loss: N/A 
[INFO] 2023-01-24 17:20:25 > Step:  17000 Progress: 8.5% Elapsed: 0:10:11 Gen_loss: 12.96 Dis_loss: 0.0001326 Cls_loss: N/A 
[INFO] 2023-01-24 17:20:44 > Step:  17500 Progress: 8.8% Elapsed: 0:10:30 Gen_loss: 15.28 Dis_loss: 0.001813 Cls_loss: N/A 
[INFO] 2023-01-24 17:21:01 > Step:  18000 Progress: 9.0% Elapsed: 0:10:47 Gen_loss: 10.16 Dis_loss: 0.004017 Cls_loss: N/A 
[INFO] 2023-01-24 17:21:20 > Step:  18500 Progress: 9.2% Elapsed: 0:11:05 Gen_loss: 7.585 Dis_loss: 0.004014 Cls_loss: N/A 
[INFO] 2023-01-24 17:21:37 > Step:  19000 Progress: 9.5% Elapsed: 0:11:23 Gen_loss: 6.964 Dis_loss: 0.00366 Cls_loss: N/A 
[INFO] 2023-01-24 17:21:55 > Step:  19500 Progress: 9.8% Elapsed: 0:11:41 Gen_loss: 9.236 Dis_loss: 0.01199 Cls_loss: N/A 
[INFO] 2023-01-24 17:22:13 > Step:  20000 Progress: 10.0% Elapsed: 0:11:59 Gen_loss: 18.4 Dis_loss: 0.03648 Cls_loss: N/A 
[INFO] 2023-01-24 17:22:32 > Step:  20500 Progress: 10.2% Elapsed: 0:12:18 Gen_loss: 9.882 Dis_loss: 0.05247 Cls_loss: N/A 
[INFO] 2023-01-24 17:22:50 > Step:  21000 Progress: 10.5% Elapsed: 0:12:36 Gen_loss: 6.968 Dis_loss: 0.03821 Cls_loss: N/A 
[INFO] 2023-01-24 17:23:09 > Step:  21500 Progress: 10.8% Elapsed: 0:12:55 Gen_loss: 9.418 Dis_loss: 0.0003367 Cls_loss: N/A 
[INFO] 2023-01-24 17:23:26 > Step:  22000 Progress: 11.0% Elapsed: 0:13:12 Gen_loss: 8.694 Dis_loss: 0.001146 Cls_loss: N/A 
[INFO] 2023-01-24 17:23:44 > Step:  22500 Progress: 11.2% Elapsed: 0:13:30 Gen_loss: 12.75 Dis_loss: 0.003524 Cls_loss: N/A 
[INFO] 2023-01-24 17:24:02 > Step:  23000 Progress: 11.5% Elapsed: 0:13:48 Gen_loss: 9.808 Dis_loss: 0.0002233 Cls_loss: N/A 
[INFO] 2023-01-24 17:24:20 > Step:  23500 Progress: 11.8% Elapsed: 0:14:06 Gen_loss: 21.83 Dis_loss: 0.1282 Cls_loss: N/A 
[INFO] 2023-01-24 17:25:10 > Step:    500 Progress: 0.2% Elapsed: 0:00:17 Gen_loss: 25.95 Dis_loss: 0.06791 Cls_loss: N/A 
[INFO] 2023-01-24 17:25:27 > Step:   1000 Progress: 0.5% Elapsed: 0:00:34 Gen_loss: 12.14 Dis_loss: 0.01336 Cls_loss: N/A 
[INFO] 2023-01-24 17:25:45 > Step:   1500 Progress: 0.8% Elapsed: 0:00:52 Gen_loss: 3.696 Dis_loss: 0.1238 Cls_loss: N/A 
[INFO] 2023-01-24 17:26:02 > Step:   2000 Progress: 1.0% Elapsed: 0:01:09 Gen_loss: 6.83 Dis_loss: 0.1394 Cls_loss: N/A 
[INFO] 2023-01-24 17:26:20 > Step:   2500 Progress: 1.2% Elapsed: 0:01:27 Gen_loss: 5.299 Dis_loss: 0.1427 Cls_loss: N/A 
[INFO] 2023-01-24 17:26:36 > Step:   3000 Progress: 1.5% Elapsed: 0:01:44 Gen_loss: 5.768 Dis_loss: 0.102 Cls_loss: N/A 
[INFO] 2023-01-24 17:26:54 > Step:   3500 Progress: 1.8% Elapsed: 0:02:02 Gen_loss: 2.19 Dis_loss: 1.679 Cls_loss: N/A 
[INFO] 2023-01-24 17:27:11 > Step:   4000 Progress: 2.0% Elapsed: 0:02:19 Gen_loss: 8.295 Dis_loss: 0.07053 Cls_loss: N/A 
[INFO] 2023-01-24 17:27:29 > Step:   4500 Progress: 2.2% Elapsed: 0:02:37 Gen_loss: 5.499 Dis_loss: 0.01589 Cls_loss: N/A 
[INFO] 2023-01-24 17:27:46 > Step:   5000 Progress: 2.5% Elapsed: 0:02:53 Gen_loss: 4.382 Dis_loss: 0.3764 Cls_loss: N/A 
[INFO] 2023-01-24 17:28:04 > Step:   5500 Progress: 2.8% Elapsed: 0:03:11 Gen_loss: 6.7 Dis_loss: 0.03701 Cls_loss: N/A 
[INFO] 2023-01-24 17:28:22 > Step:   6000 Progress: 3.0% Elapsed: 0:03:30 Gen_loss: 4.758 Dis_loss: 0.01072 Cls_loss: N/A 
[INFO] 2023-01-24 17:28:41 > Step:   6500 Progress: 3.2% Elapsed: 0:03:49 Gen_loss: 2.628 Dis_loss: 0.02813 Cls_loss: N/A 
[INFO] 2023-01-24 17:28:59 > Step:   7000 Progress: 3.5% Elapsed: 0:04:07 Gen_loss: 3.954 Dis_loss: 0.01509 Cls_loss: N/A 
[INFO] 2023-01-24 17:29:18 > Step:   7500 Progress: 3.8% Elapsed: 0:04:25 Gen_loss: 8.287 Dis_loss: 0.01236 Cls_loss: N/A 
[INFO] 2023-01-24 17:29:35 > Step:   8000 Progress: 4.0% Elapsed: 0:04:42 Gen_loss: 7.031 Dis_loss: 0.0232 Cls_loss: N/A 
[INFO] 2023-01-24 17:29:54 > Step:   8500 Progress: 4.2% Elapsed: 0:05:01 Gen_loss: 6.989 Dis_loss: 0.02901 Cls_loss: N/A 
[INFO] 2023-01-24 17:30:11 > Step:   9000 Progress: 4.5% Elapsed: 0:05:19 Gen_loss: 9.454 Dis_loss: 0.01586 Cls_loss: N/A 
[INFO] 2023-01-24 17:30:30 > Step:   9500 Progress: 4.8% Elapsed: 0:05:37 Gen_loss: 3.587 Dis_loss: 0.05638 Cls_loss: N/A 
[INFO] 2023-01-24 17:30:47 > Step:  10000 Progress: 5.0% Elapsed: 0:05:54 Gen_loss: 9.427 Dis_loss: 0.01837 Cls_loss: N/A 
[INFO] 2023-01-24 17:31:06 > Step:  10500 Progress: 5.2% Elapsed: 0:06:13 Gen_loss: 7.002 Dis_loss: 0.007086 Cls_loss: N/A 
[INFO] 2023-01-24 17:31:23 > Step:  11000 Progress: 5.5% Elapsed: 0:06:31 Gen_loss: 9.305 Dis_loss: 0.009849 Cls_loss: N/A 
[INFO] 2023-01-24 17:31:41 > Step:  11500 Progress: 5.8% Elapsed: 0:06:49 Gen_loss: 8.308 Dis_loss: 0.1617 Cls_loss: N/A 
[INFO] 2023-01-24 17:31:58 > Step:  12000 Progress: 6.0% Elapsed: 0:07:06 Gen_loss: 15.55 Dis_loss: 0.6558 Cls_loss: N/A 
[INFO] 2023-01-24 17:32:16 > Step:  12500 Progress: 6.2% Elapsed: 0:07:24 Gen_loss: 1.423 Dis_loss: 0.0005426 Cls_loss: N/A 
[INFO] 2023-01-24 17:32:33 > Step:  13000 Progress: 6.5% Elapsed: 0:07:40 Gen_loss: 8.892 Dis_loss: 0.02421 Cls_loss: N/A 
[INFO] 2023-01-24 17:32:51 > Step:  13500 Progress: 6.8% Elapsed: 0:07:58 Gen_loss: 6.21 Dis_loss: 0.08327 Cls_loss: N/A 
[INFO] 2023-01-24 17:33:08 > Step:  14000 Progress: 7.0% Elapsed: 0:08:15 Gen_loss: 8.058 Dis_loss: 0.002871 Cls_loss: N/A 
[INFO] 2023-01-24 17:33:26 > Step:  14500 Progress: 7.2% Elapsed: 0:08:33 Gen_loss: 5.732 Dis_loss: 0.0008549 Cls_loss: N/A 
[INFO] 2023-01-24 17:33:42 > Step:  15000 Progress: 7.5% Elapsed: 0:08:50 Gen_loss: 11.71 Dis_loss: 0.004843 Cls_loss: N/A 
[INFO] 2023-01-24 17:34:00 > Step:  15500 Progress: 7.8% Elapsed: 0:09:08 Gen_loss: 12.46 Dis_loss: 0.3938 Cls_loss: N/A 
[INFO] 2023-01-24 17:34:17 > Step:  16000 Progress: 8.0% Elapsed: 0:09:25 Gen_loss: 11.53 Dis_loss: 0.03091 Cls_loss: N/A 
[INFO] 2023-01-24 17:34:35 > Step:  16500 Progress: 8.2% Elapsed: 0:09:43 Gen_loss: 11.91 Dis_loss: 0.02649 Cls_loss: N/A 
[INFO] 2023-01-24 17:34:53 > Step:  17000 Progress: 8.5% Elapsed: 0:10:00 Gen_loss: 7.989 Dis_loss: 0.0008245 Cls_loss: N/A 
[INFO] 2023-01-24 17:35:12 > Step:  17500 Progress: 8.8% Elapsed: 0:10:19 Gen_loss: 4.664 Dis_loss: 0.001296 Cls_loss: N/A 
[INFO] 2023-01-24 17:35:29 > Step:  18000 Progress: 9.0% Elapsed: 0:10:36 Gen_loss: 8.903 Dis_loss: 0.02371 Cls_loss: N/A 
[INFO] 2023-01-24 17:35:47 > Step:  18500 Progress: 9.2% Elapsed: 0:10:54 Gen_loss: 10.97 Dis_loss: 0.0007868 Cls_loss: N/A 
[INFO] 2023-01-24 17:36:03 > Step:  19000 Progress: 9.5% Elapsed: 0:11:11 Gen_loss: 13.72 Dis_loss: 3.741e-05 Cls_loss: N/A 
[INFO] 2023-01-24 17:36:22 > Step:  19500 Progress: 9.8% Elapsed: 0:11:29 Gen_loss: 10.37 Dis_loss: 0.000188 Cls_loss: N/A 
[INFO] 2023-01-24 17:36:38 > Step:  20000 Progress: 10.0% Elapsed: 0:11:46 Gen_loss: 4.609 Dis_loss: 0.009108 Cls_loss: N/A 
[INFO] 2023-01-24 17:36:56 > Step:  20500 Progress: 10.2% Elapsed: 0:12:04 Gen_loss: 16.6 Dis_loss: 1.138 Cls_loss: N/A 
[INFO] 2023-01-24 17:37:13 > Step:  21000 Progress: 10.5% Elapsed: 0:12:21 Gen_loss: 10.44 Dis_loss: 0.005213 Cls_loss: N/A 
[INFO] 2023-01-24 17:37:31 > Step:  21500 Progress: 10.8% Elapsed: 0:12:39 Gen_loss: 7.718 Dis_loss: 0.0001907 Cls_loss: N/A 
[INFO] 2023-01-24 17:37:48 > Step:  22000 Progress: 11.0% Elapsed: 0:12:56 Gen_loss: 6.212 Dis_loss: 0.03853 Cls_loss: N/A 
[INFO] 2023-01-24 17:38:06 > Step:  22500 Progress: 11.2% Elapsed: 0:13:14 Gen_loss: 11.11 Dis_loss: 0.001044 Cls_loss: N/A 
[INFO] 2023-01-24 17:38:23 > Step:  23000 Progress: 11.5% Elapsed: 0:13:30 Gen_loss: 12.29 Dis_loss: 0.01331 Cls_loss: N/A 
[INFO] 2023-01-24 17:38:41 > Step:  23500 Progress: 11.8% Elapsed: 0:13:48 Gen_loss: 9.762 Dis_loss: 0.00095 Cls_loss: N/A 
[INFO] 2023-01-24 17:38:58 > Step:  24000 Progress: 12.0% Elapsed: 0:14:05 Gen_loss: 9.049 Dis_loss: 0.003841 Cls_loss: N/A 
[INFO] 2023-01-24 17:39:16 > Step:  24500 Progress: 12.2% Elapsed: 0:14:23 Gen_loss: 7.77 Dis_loss: 0.01905 Cls_loss: N/A 
[INFO] 2023-01-24 17:39:33 > Step:  25000 Progress: 12.5% Elapsed: 0:14:40 Gen_loss: 13.67 Dis_loss: 0.002328 Cls_loss: N/A 
[INFO] 2023-01-24 17:39:51 > Step:  25500 Progress: 12.8% Elapsed: 0:14:58 Gen_loss: 7.799 Dis_loss: 0.3415 Cls_loss: N/A 
[INFO] 2023-01-24 17:40:07 > Step:  26000 Progress: 13.0% Elapsed: 0:15:15 Gen_loss: 6.224 Dis_loss: 0.2338 Cls_loss: N/A 
[INFO] 2023-01-24 17:40:26 > Step:  26500 Progress: 13.2% Elapsed: 0:15:33 Gen_loss: 4.965 Dis_loss: 0.01005 Cls_loss: N/A 
[INFO] 2023-01-24 17:40:42 > Step:  27000 Progress: 13.5% Elapsed: 0:15:50 Gen_loss: 8.578 Dis_loss: 4.151e-05 Cls_loss: N/A 
[INFO] 2023-01-24 17:41:00 > Step:  27500 Progress: 13.8% Elapsed: 0:16:08 Gen_loss: 7.898 Dis_loss: 0.02725 Cls_loss: N/A 
[INFO] 2023-01-24 17:41:17 > Step:  28000 Progress: 14.0% Elapsed: 0:16:25 Gen_loss: 27.28 Dis_loss: 0.07365 Cls_loss: N/A 
[INFO] 2023-01-24 17:41:35 > Step:  28500 Progress: 14.2% Elapsed: 0:16:43 Gen_loss: 10.26 Dis_loss: 0.1018 Cls_loss: N/A 
[INFO] 2023-01-24 17:41:52 > Step:  29000 Progress: 14.5% Elapsed: 0:17:00 Gen_loss: 15.15 Dis_loss: 0.001028 Cls_loss: N/A 
[INFO] 2023-01-24 17:42:10 > Step:  29500 Progress: 14.8% Elapsed: 0:17:18 Gen_loss: 9.996 Dis_loss: 0.001834 Cls_loss: N/A 
[INFO] 2023-01-24 17:42:27 > Step:  30000 Progress: 15.0% Elapsed: 0:17:35 Gen_loss: 22.52 Dis_loss: 0.0002957 Cls_loss: N/A 
[INFO] 2023-01-24 17:42:45 > Step:  30500 Progress: 15.2% Elapsed: 0:17:53 Gen_loss: 14.44 Dis_loss: 0.02792 Cls_loss: N/A 
[INFO] 2023-01-24 17:43:02 > Step:  31000 Progress: 15.5% Elapsed: 0:18:10 Gen_loss: 6.807 Dis_loss: 0.02423 Cls_loss: N/A 
[INFO] 2023-01-24 17:43:20 > Step:  31500 Progress: 15.8% Elapsed: 0:18:28 Gen_loss: 20.07 Dis_loss: 0.04618 Cls_loss: N/A 
[INFO] 2023-01-24 17:43:37 > Step:  32000 Progress: 16.0% Elapsed: 0:18:44 Gen_loss: 13.19 Dis_loss: 0.1473 Cls_loss: N/A 
[INFO] 2023-01-24 17:43:55 > Step:  32500 Progress: 16.2% Elapsed: 0:19:02 Gen_loss: 7.314 Dis_loss: 0.064 Cls_loss: N/A 
[INFO] 2023-01-24 17:44:12 > Step:  33000 Progress: 16.5% Elapsed: 0:19:19 Gen_loss: 11.36 Dis_loss: 0.04672 Cls_loss: N/A 
[INFO] 2023-01-24 17:44:30 > Step:  33500 Progress: 16.8% Elapsed: 0:19:37 Gen_loss: 10.08 Dis_loss: 0.0006515 Cls_loss: N/A 
[INFO] 2023-01-24 17:44:47 > Step:  34000 Progress: 17.0% Elapsed: 0:19:54 Gen_loss: 6.216 Dis_loss: 0.001427 Cls_loss: N/A 
[INFO] 2023-01-24 17:45:05 > Step:  34500 Progress: 17.2% Elapsed: 0:20:12 Gen_loss: 11.36 Dis_loss: 0.0007539 Cls_loss: N/A 
[INFO] 2023-01-24 17:45:22 > Step:  35000 Progress: 17.5% Elapsed: 0:20:29 Gen_loss: 11.75 Dis_loss: 0.01498 Cls_loss: N/A 
[INFO] 2023-01-24 17:45:40 > Step:  35500 Progress: 17.8% Elapsed: 0:20:47 Gen_loss: 9.513 Dis_loss: 0.004729 Cls_loss: N/A 
[INFO] 2023-01-24 17:45:57 > Step:  36000 Progress: 18.0% Elapsed: 0:21:04 Gen_loss: 14.42 Dis_loss: 0.002532 Cls_loss: N/A 
[INFO] 2023-01-24 17:46:15 > Step:  36500 Progress: 18.2% Elapsed: 0:21:22 Gen_loss: 9.912 Dis_loss: 0.00329 Cls_loss: N/A 
[INFO] 2023-01-24 17:46:32 > Step:  37000 Progress: 18.5% Elapsed: 0:21:39 Gen_loss: 5.321 Dis_loss: 0.0008044 Cls_loss: N/A 
[INFO] 2023-01-24 17:46:50 > Step:  37500 Progress: 18.8% Elapsed: 0:21:57 Gen_loss: 10.91 Dis_loss: 0.002299 Cls_loss: N/A 
[INFO] 2023-01-24 17:47:07 > Step:  38000 Progress: 19.0% Elapsed: 0:22:14 Gen_loss: 9.702 Dis_loss: 0.002058 Cls_loss: N/A 
[INFO] 2023-01-24 17:47:25 > Step:  38500 Progress: 19.2% Elapsed: 0:22:32 Gen_loss: 18.64 Dis_loss: 0.0001821 Cls_loss: N/A 
[INFO] 2023-01-24 17:47:42 > Step:  39000 Progress: 19.5% Elapsed: 0:22:49 Gen_loss: 15.03 Dis_loss: 0.00228 Cls_loss: N/A 
[INFO] 2023-01-24 17:48:00 > Step:  39500 Progress: 19.8% Elapsed: 0:23:07 Gen_loss: 9.736 Dis_loss: 0.00745 Cls_loss: N/A 
[INFO] 2023-01-24 17:48:17 > Step:  40000 Progress: 20.0% Elapsed: 0:23:24 Gen_loss: 23.28 Dis_loss: 8.271e-05 Cls_loss: N/A 
[INFO] 2023-01-24 17:48:35 > Step:  40500 Progress: 20.2% Elapsed: 0:23:42 Gen_loss: 10.32 Dis_loss: 0.0002947 Cls_loss: N/A 
[INFO] 2023-01-24 17:48:52 > Step:  41000 Progress: 20.5% Elapsed: 0:23:59 Gen_loss: 10.67 Dis_loss: 0.00358 Cls_loss: N/A 
[INFO] 2023-01-24 17:49:10 > Step:  41500 Progress: 20.8% Elapsed: 0:24:17 Gen_loss: 6.87 Dis_loss: 0.02314 Cls_loss: N/A 
[INFO] 2023-01-24 17:49:27 > Step:  42000 Progress: 21.0% Elapsed: 0:24:34 Gen_loss: 9.917 Dis_loss: 0.0003346 Cls_loss: N/A 
[INFO] 2023-01-24 17:49:45 > Step:  42500 Progress: 21.2% Elapsed: 0:24:53 Gen_loss: 16.27 Dis_loss: 0.008031 Cls_loss: N/A 
[INFO] 2023-01-24 17:50:02 > Step:  43000 Progress: 21.5% Elapsed: 0:25:09 Gen_loss: 16.81 Dis_loss: 0.0185 Cls_loss: N/A 
[INFO] 2023-01-24 17:50:20 > Step:  43500 Progress: 21.8% Elapsed: 0:25:28 Gen_loss: 8.41 Dis_loss: 0.4668 Cls_loss: N/A 
[INFO] 2023-01-24 17:50:37 > Step:  44000 Progress: 22.0% Elapsed: 0:25:45 Gen_loss: 7.218 Dis_loss: 0.0009148 Cls_loss: N/A 
[INFO] 2023-01-24 17:50:55 > Step:  44500 Progress: 22.2% Elapsed: 0:26:03 Gen_loss: 9.557 Dis_loss: 0.0003179 Cls_loss: N/A 
[INFO] 2023-01-24 17:51:12 > Step:  45000 Progress: 22.5% Elapsed: 0:26:20 Gen_loss: 15.05 Dis_loss: 0.1512 Cls_loss: N/A 
[INFO] 2023-01-24 17:51:30 > Step:  45500 Progress: 22.8% Elapsed: 0:26:38 Gen_loss: 19.07 Dis_loss: 2.009 Cls_loss: N/A 
[INFO] 2023-01-24 17:51:47 > Step:  46000 Progress: 23.0% Elapsed: 0:26:55 Gen_loss: 17.72 Dis_loss: 0.0008661 Cls_loss: N/A 
[INFO] 2023-01-24 17:52:05 > Step:  46500 Progress: 23.2% Elapsed: 0:27:13 Gen_loss: 12.59 Dis_loss: 0.005257 Cls_loss: N/A 
[INFO] 2023-01-24 17:52:22 > Step:  47000 Progress: 23.5% Elapsed: 0:27:30 Gen_loss: 10.07 Dis_loss: 0.0516 Cls_loss: N/A 
[INFO] 2023-01-24 17:52:42 > Step:  47500 Progress: 23.8% Elapsed: 0:27:50 Gen_loss: 14.82 Dis_loss: 0.0001351 Cls_loss: N/A 
[INFO] 2023-01-24 17:53:00 > Step:  48000 Progress: 24.0% Elapsed: 0:28:08 Gen_loss: 9.396 Dis_loss: 0.0008791 Cls_loss: N/A 
[INFO] 2023-01-24 17:53:18 > Step:  48500 Progress: 24.2% Elapsed: 0:28:26 Gen_loss: 16.0 Dis_loss: 0.0001925 Cls_loss: N/A 
[INFO] 2023-01-24 17:53:35 > Step:  49000 Progress: 24.5% Elapsed: 0:28:43 Gen_loss: 12.17 Dis_loss: 0.00129 Cls_loss: N/A 
[INFO] 2023-01-24 17:53:53 > Step:  49500 Progress: 24.8% Elapsed: 0:29:01 Gen_loss: 8.118 Dis_loss: 0.00212 Cls_loss: N/A 
[INFO] 2023-01-24 17:54:10 > Step:  50000 Progress: 25.0% Elapsed: 0:29:18 Gen_loss: 28.24 Dis_loss: 0.4096 Cls_loss: N/A 
[INFO] 2023-01-24 17:54:28 > Step:  50500 Progress: 25.2% Elapsed: 0:29:36 Gen_loss: 7.203 Dis_loss: 0.00589 Cls_loss: N/A 
[INFO] 2023-01-24 17:54:45 > Step:  51000 Progress: 25.5% Elapsed: 0:29:53 Gen_loss: 9.618 Dis_loss: 0.001145 Cls_loss: N/A 
[INFO] 2023-01-24 17:55:03 > Step:  51500 Progress: 25.8% Elapsed: 0:30:11 Gen_loss: 28.17 Dis_loss: 0.4719 Cls_loss: N/A 
[INFO] 2023-01-24 17:55:20 > Step:  52000 Progress: 26.0% Elapsed: 0:30:28 Gen_loss: 13.26 Dis_loss: 0.0001655 Cls_loss: N/A 
[INFO] 2023-01-24 17:55:38 > Step:  52500 Progress: 26.2% Elapsed: 0:30:46 Gen_loss: 9.491 Dis_loss: 0.02336 Cls_loss: N/A 
[INFO] 2023-01-24 17:55:55 > Step:  53000 Progress: 26.5% Elapsed: 0:31:03 Gen_loss: 15.41 Dis_loss: 2.731e-05 Cls_loss: N/A 
[INFO] 2023-01-24 17:56:14 > Step:  53500 Progress: 26.8% Elapsed: 0:31:21 Gen_loss: 19.55 Dis_loss: 0.06514 Cls_loss: N/A 
[INFO] 2023-01-24 17:56:30 > Step:  54000 Progress: 27.0% Elapsed: 0:31:38 Gen_loss: 9.207 Dis_loss: 0.01793 Cls_loss: N/A 
[INFO] 2023-01-24 17:56:49 > Step:  54500 Progress: 27.3% Elapsed: 0:31:56 Gen_loss: 11.94 Dis_loss: 0.004341 Cls_loss: N/A 
[INFO] 2023-01-24 17:57:05 > Step:  55000 Progress: 27.5% Elapsed: 0:32:13 Gen_loss: 11.22 Dis_loss: 0.00023 Cls_loss: N/A 
[INFO] 2023-01-24 17:57:24 > Step:  55500 Progress: 27.8% Elapsed: 0:32:31 Gen_loss: 7.583 Dis_loss: 0.05674 Cls_loss: N/A 
[INFO] 2023-01-24 17:57:41 > Step:  56000 Progress: 28.0% Elapsed: 0:32:48 Gen_loss: 11.57 Dis_loss: 7.252e-05 Cls_loss: N/A 
[INFO] 2023-01-24 17:57:59 > Step:  56500 Progress: 28.2% Elapsed: 0:33:06 Gen_loss: 9.52 Dis_loss: 0.004103 Cls_loss: N/A 
[INFO] 2023-01-24 17:58:16 > Step:  57000 Progress: 28.5% Elapsed: 0:33:23 Gen_loss: 8.351 Dis_loss: 0.08282 Cls_loss: N/A 
[INFO] 2023-01-24 17:58:34 > Step:  57500 Progress: 28.7% Elapsed: 0:33:41 Gen_loss: 11.3 Dis_loss: 0.005198 Cls_loss: N/A 
[INFO] 2023-01-24 17:58:51 > Step:  58000 Progress: 29.0% Elapsed: 0:33:58 Gen_loss: 26.62 Dis_loss: 3.695e-05 Cls_loss: N/A 
[INFO] 2023-01-24 17:59:09 > Step:  58500 Progress: 29.2% Elapsed: 0:34:16 Gen_loss: 9.388 Dis_loss: 0.004473 Cls_loss: N/A 
[INFO] 2023-01-24 17:59:26 > Step:  59000 Progress: 29.5% Elapsed: 0:34:33 Gen_loss: 8.033 Dis_loss: 0.01802 Cls_loss: N/A 
[INFO] 2023-01-24 17:59:44 > Step:  59500 Progress: 29.8% Elapsed: 0:34:51 Gen_loss: 14.06 Dis_loss: 1.825e-06 Cls_loss: N/A 
[INFO] 2023-01-24 18:00:01 > Step:  60000 Progress: 30.0% Elapsed: 0:35:08 Gen_loss: 8.457 Dis_loss: 0.000483 Cls_loss: N/A 
[INFO] 2023-01-24 18:00:19 > Step:  60500 Progress: 30.2% Elapsed: 0:35:26 Gen_loss: 8.694 Dis_loss: 0.001991 Cls_loss: N/A 
[INFO] 2023-01-24 18:00:36 > Step:  61000 Progress: 30.5% Elapsed: 0:35:43 Gen_loss: 18.47 Dis_loss: 0.0001865 Cls_loss: N/A 
[INFO] 2023-01-24 18:00:54 > Step:  61500 Progress: 30.8% Elapsed: 0:36:02 Gen_loss: 5.236 Dis_loss: 0.01508 Cls_loss: N/A 
[INFO] 2023-01-24 18:01:11 > Step:  62000 Progress: 31.0% Elapsed: 0:36:19 Gen_loss: 11.15 Dis_loss: 0.0007484 Cls_loss: N/A 
[INFO] 2023-01-24 18:01:29 > Step:  62500 Progress: 31.2% Elapsed: 0:36:37 Gen_loss: 15.6 Dis_loss: 0.01044 Cls_loss: N/A 
[INFO] 2023-01-24 18:01:46 > Step:  63000 Progress: 31.5% Elapsed: 0:36:54 Gen_loss: 9.153 Dis_loss: 0.006327 Cls_loss: N/A 
[INFO] 2023-01-24 18:02:04 > Step:  63500 Progress: 31.8% Elapsed: 0:37:12 Gen_loss: 6.766 Dis_loss: 0.00147 Cls_loss: N/A 
[INFO] 2023-01-24 18:02:21 > Step:  64000 Progress: 32.0% Elapsed: 0:37:29 Gen_loss: 9.331 Dis_loss: 0.006076 Cls_loss: N/A 
[INFO] 2023-01-24 18:02:39 > Step:  64500 Progress: 32.2% Elapsed: 0:37:47 Gen_loss: 9.789 Dis_loss: 1.843 Cls_loss: N/A 
[INFO] 2023-01-24 18:02:56 > Step:  65000 Progress: 32.5% Elapsed: 0:38:04 Gen_loss: 13.65 Dis_loss: 0.0001967 Cls_loss: N/A 
[INFO] 2023-01-24 18:03:15 > Step:  65500 Progress: 32.8% Elapsed: 0:38:22 Gen_loss: 14.8 Dis_loss: 0.0001632 Cls_loss: N/A 
[INFO] 2023-01-24 18:03:32 > Step:  66000 Progress: 33.0% Elapsed: 0:38:39 Gen_loss: 8.252 Dis_loss: 0.01022 Cls_loss: N/A 
[INFO] 2023-01-24 18:03:50 > Step:  66500 Progress: 33.2% Elapsed: 0:38:58 Gen_loss: 10.81 Dis_loss: 0.0005207 Cls_loss: N/A 
[INFO] 2023-01-24 18:04:07 > Step:  67000 Progress: 33.5% Elapsed: 0:39:15 Gen_loss: 9.716 Dis_loss: 0.03755 Cls_loss: N/A 
[INFO] 2023-01-24 18:04:25 > Step:  67500 Progress: 33.8% Elapsed: 0:39:33 Gen_loss: 11.84 Dis_loss: 0.002166 Cls_loss: N/A 
[INFO] 2023-01-24 18:04:42 > Step:  68000 Progress: 34.0% Elapsed: 0:39:50 Gen_loss: 14.76 Dis_loss: 4.026e-05 Cls_loss: N/A 
[INFO] 2023-01-24 18:05:01 > Step:  68500 Progress: 34.2% Elapsed: 0:40:09 Gen_loss: 11.22 Dis_loss: 0.08181 Cls_loss: N/A 
[INFO] 2023-01-24 18:05:18 > Step:  69000 Progress: 34.5% Elapsed: 0:40:26 Gen_loss: 6.122 Dis_loss: 0.002209 Cls_loss: N/A 
[INFO] 2023-01-24 18:05:36 > Step:  69500 Progress: 34.8% Elapsed: 0:40:44 Gen_loss: 14.59 Dis_loss: 0.0003664 Cls_loss: N/A 
[INFO] 2023-01-24 18:05:53 > Step:  70000 Progress: 35.0% Elapsed: 0:41:01 Gen_loss: 18.25 Dis_loss: 0.02534 Cls_loss: N/A 
[INFO] 2023-01-24 18:06:12 > Step:  70500 Progress: 35.2% Elapsed: 0:41:19 Gen_loss: 11.06 Dis_loss: 0.05066 Cls_loss: N/A 
[INFO] 2023-01-24 18:06:29 > Step:  71000 Progress: 35.5% Elapsed: 0:41:36 Gen_loss: 13.06 Dis_loss: 0.0002418 Cls_loss: N/A 
[INFO] 2023-01-24 18:06:47 > Step:  71500 Progress: 35.8% Elapsed: 0:41:54 Gen_loss: 17.97 Dis_loss: 0.1091 Cls_loss: N/A 
[INFO] 2023-01-24 18:07:04 > Step:  72000 Progress: 36.0% Elapsed: 0:42:11 Gen_loss: 12.49 Dis_loss: 0.001564 Cls_loss: N/A 
[INFO] 2023-01-24 18:07:22 > Step:  72500 Progress: 36.2% Elapsed: 0:42:30 Gen_loss: 11.4 Dis_loss: 0.0004074 Cls_loss: N/A 
[INFO] 2023-01-24 18:07:41 > Step:  73000 Progress: 36.5% Elapsed: 0:42:48 Gen_loss: 10.62 Dis_loss: 0.1108 Cls_loss: N/A 
[INFO] 2023-01-24 18:08:01 > Step:  73500 Progress: 36.8% Elapsed: 0:43:08 Gen_loss: 11.22 Dis_loss: 0.002723 Cls_loss: N/A 
[INFO] 2023-01-24 18:08:19 > Step:  74000 Progress: 37.0% Elapsed: 0:43:26 Gen_loss: 18.08 Dis_loss: 0.01495 Cls_loss: N/A 
[INFO] 2023-01-24 18:08:38 > Step:  74500 Progress: 37.2% Elapsed: 0:43:45 Gen_loss: 13.55 Dis_loss: 0.001097 Cls_loss: N/A 
[INFO] 2023-01-24 18:08:56 > Step:  75000 Progress: 37.5% Elapsed: 0:44:03 Gen_loss: 21.98 Dis_loss: 0.2502 Cls_loss: N/A 
[INFO] 2023-01-24 18:09:15 > Step:  75500 Progress: 37.8% Elapsed: 0:44:22 Gen_loss: 19.74 Dis_loss: 0.001585 Cls_loss: N/A 
